{"E:\\XIANGMU\\pokemmo\\pokemmo myself\\poke-proxy-server\\adapters\\logging\\Logger.js": {"path":"E:\\XIANGMU\\pokemmo\\pokemmo myself\\poke-proxy-server\\adapters\\logging\\Logger.js","statementMap":{"0":{"start":{"line":29,"column":4},"end":{"line":29,"column":46}},"1":{"start":{"line":30,"column":4},"end":{"line":37,"column":6}},"2":{"start":{"line":40,"column":4},"end":{"line":45,"column":6}},"3":{"start":{"line":47,"column":4},"end":{"line":47,"column":76}},"4":{"start":{"line":58,"column":22},"end":{"line":58,"column":46}},"5":{"start":{"line":59,"column":19},"end":{"line":59,"column":41}},"6":{"start":{"line":61,"column":4},"end":{"line":70,"column":5}},"7":{"start":{"line":62,"column":23},"end":{"line":68,"column":7}},"8":{"start":{"line":69,"column":6},"end":{"line":69,"column":38}},"9":{"start":{"line":73,"column":20},"end":{"line":73,"column":80}},"10":{"start":{"line":74,"column":4},"end":{"line":82,"column":5}},"11":{"start":{"line":75,"column":6},"end":{"line":81,"column":7}},"12":{"start":{"line":76,"column":8},"end":{"line":76,"column":55}},"13":{"start":{"line":77,"column":13},"end":{"line":81,"column":7}},"14":{"start":{"line":78,"column":8},"end":{"line":78,"column":58}},"15":{"start":{"line":80,"column":8},"end":{"line":80,"column":40}},"16":{"start":{"line":83,"column":4},"end":{"line":83,"column":21}},"17":{"start":{"line":92,"column":23},"end":{"line":92,"column":61}},"18":{"start":{"line":95,"column":4},"end":{"line":97,"column":5}},"19":{"start":{"line":96,"column":6},"end":{"line":96,"column":19}},"20":{"start":{"line":99,"column":4},"end":{"line":99,"column":43}},"21":{"start":{"line":109,"column":4},"end":{"line":111,"column":5}},"22":{"start":{"line":110,"column":6},"end":{"line":110,"column":13}},"23":{"start":{"line":113,"column":22},"end":{"line":113,"column":62}},"24":{"start":{"line":115,"column":4},"end":{"line":130,"column":5}},"25":{"start":{"line":117,"column":8},"end":{"line":117,"column":33}},"26":{"start":{"line":118,"column":8},"end":{"line":118,"column":14}},"27":{"start":{"line":120,"column":8},"end":{"line":120,"column":31}},"28":{"start":{"line":121,"column":8},"end":{"line":121,"column":14}},"29":{"start":{"line":123,"column":8},"end":{"line":123,"column":32}},"30":{"start":{"line":124,"column":8},"end":{"line":124,"column":14}},"31":{"start":{"line":126,"column":8},"end":{"line":126,"column":33}},"32":{"start":{"line":127,"column":8},"end":{"line":127,"column":14}},"33":{"start":{"line":129,"column":8},"end":{"line":129,"column":31}},"34":{"start":{"line":139,"column":4},"end":{"line":139,"column":37}},"35":{"start":{"line":148,"column":4},"end":{"line":148,"column":36}},"36":{"start":{"line":157,"column":4},"end":{"line":157,"column":36}},"37":{"start":{"line":167,"column":4},"end":{"line":171,"column":5}},"38":{"start":{"line":168,"column":6},"end":{"line":168,"column":88}},"39":{"start":{"line":170,"column":6},"end":{"line":170,"column":48}},"40":{"start":{"line":182,"column":2},"end":{"line":182,"column":41}},"41":{"start":{"line":186,"column":0},"end":{"line":186,"column":30}},"42":{"start":{"line":187,"column":0},"end":{"line":187,"column":31}}},"fnMap":{"0":{"name":"(anonymous_0)","decl":{"start":{"line":28,"column":2},"end":{"line":28,"column":3}},"loc":{"start":{"line":28,"column":40},"end":{"line":48,"column":3}},"line":28},"1":{"name":"(anonymous_1)","decl":{"start":{"line":57,"column":2},"end":{"line":57,"column":3}},"loc":{"start":{"line":57,"column":45},"end":{"line":84,"column":3}},"line":57},"2":{"name":"(anonymous_2)","decl":{"start":{"line":91,"column":2},"end":{"line":91,"column":3}},"loc":{"start":{"line":91,"column":19},"end":{"line":100,"column":3}},"line":91},"3":{"name":"(anonymous_3)","decl":{"start":{"line":108,"column":2},"end":{"line":108,"column":3}},"loc":{"start":{"line":108,"column":35},"end":{"line":131,"column":3}},"line":108},"4":{"name":"(anonymous_4)","decl":{"start":{"line":138,"column":2},"end":{"line":138,"column":3}},"loc":{"start":{"line":138,"column":30},"end":{"line":140,"column":3}},"line":138},"5":{"name":"(anonymous_5)","decl":{"start":{"line":147,"column":2},"end":{"line":147,"column":3}},"loc":{"start":{"line":147,"column":29},"end":{"line":149,"column":3}},"line":147},"6":{"name":"(anonymous_6)","decl":{"start":{"line":156,"column":2},"end":{"line":156,"column":3}},"loc":{"start":{"line":156,"column":29},"end":{"line":158,"column":3}},"line":156},"7":{"name":"(anonymous_7)","decl":{"start":{"line":166,"column":2},"end":{"line":166,"column":3}},"loc":{"start":{"line":166,"column":44},"end":{"line":172,"column":3}},"line":166},"8":{"name":"createLogger","decl":{"start":{"line":181,"column":9},"end":{"line":181,"column":21}},"loc":{"start":{"line":181,"column":48},"end":{"line":183,"column":1}},"line":181}},"branchMap":{"0":{"loc":{"start":{"line":28,"column":26},"end":{"line":28,"column":38}},"type":"default-arg","locations":[{"start":{"line":28,"column":36},"end":{"line":28,"column":38}}],"line":28},"1":{"loc":{"start":{"line":29,"column":22},"end":{"line":29,"column":45}},"type":"binary-expr","locations":[{"start":{"line":29,"column":22},"end":{"line":29,"column":32}},{"start":{"line":29,"column":36},"end":{"line":29,"column":45}}],"line":29},"2":{"loc":{"start":{"line":31,"column":13},"end":{"line":31,"column":61}},"type":"binary-expr","locations":[{"start":{"line":31,"column":13},"end":{"line":31,"column":26}},{"start":{"line":31,"column":30},"end":{"line":31,"column":51}},{"start":{"line":31,"column":55},"end":{"line":31,"column":61}}],"line":31},"3":{"loc":{"start":{"line":32,"column":12},"end":{"line":32,"column":33}},"type":"binary-expr","locations":[{"start":{"line":32,"column":12},"end":{"line":32,"column":24}},{"start":{"line":32,"column":28},"end":{"line":32,"column":33}}],"line":32},"4":{"loc":{"start":{"line":33,"column":19},"end":{"line":35,"column":41}},"type":"cond-expr","locations":[{"start":{"line":34,"column":10},"end":{"line":34,"column":29}},{"start":{"line":35,"column":10},"end":{"line":35,"column":41}}],"line":33},"5":{"loc":{"start":{"line":47,"column":24},"end":{"line":47,"column":75}},"type":"binary-expr","locations":[{"start":{"line":47,"column":24},"end":{"line":47,"column":55}},{"start":{"line":47,"column":59},"end":{"line":47,"column":75}}],"line":47},"6":{"loc":{"start":{"line":57,"column":32},"end":{"line":57,"column":43}},"type":"default-arg","locations":[{"start":{"line":57,"column":39},"end":{"line":57,"column":43}}],"line":57},"7":{"loc":{"start":{"line":61,"column":4},"end":{"line":70,"column":5}},"type":"if","locations":[{"start":{"line":61,"column":4},"end":{"line":70,"column":5}},{"start":{},"end":{}}],"line":61},"8":{"loc":{"start":{"line":67,"column":12},"end":{"line":67,"column":62}},"type":"cond-expr","locations":[{"start":{"line":67,"column":47},"end":{"line":67,"column":51}},{"start":{"line":67,"column":54},"end":{"line":67,"column":62}}],"line":67},"9":{"loc":{"start":{"line":67,"column":12},"end":{"line":67,"column":44}},"type":"binary-expr","locations":[{"start":{"line":67,"column":12},"end":{"line":67,"column":16}},{"start":{"line":67,"column":20},"end":{"line":67,"column":44}}],"line":67},"10":{"loc":{"start":{"line":74,"column":4},"end":{"line":82,"column":5}},"type":"if","locations":[{"start":{"line":74,"column":4},"end":{"line":82,"column":5}},{"start":{},"end":{}}],"line":74},"11":{"loc":{"start":{"line":74,"column":8},"end":{"line":74,"column":43}},"type":"binary-expr","locations":[{"start":{"line":74,"column":8},"end":{"line":74,"column":21}},{"start":{"line":74,"column":25},"end":{"line":74,"column":43}}],"line":74},"12":{"loc":{"start":{"line":75,"column":6},"end":{"line":81,"column":7}},"type":"if","locations":[{"start":{"line":75,"column":6},"end":{"line":81,"column":7}},{"start":{"line":77,"column":13},"end":{"line":81,"column":7}}],"line":75},"13":{"loc":{"start":{"line":76,"column":26},"end":{"line":76,"column":52}},"type":"binary-expr","locations":[{"start":{"line":76,"column":26},"end":{"line":76,"column":36}},{"start":{"line":76,"column":40},"end":{"line":76,"column":52}}],"line":76},"14":{"loc":{"start":{"line":77,"column":13},"end":{"line":81,"column":7}},"type":"if","locations":[{"start":{"line":77,"column":13},"end":{"line":81,"column":7}},{"start":{"line":79,"column":13},"end":{"line":81,"column":7}}],"line":77},"15":{"loc":{"start":{"line":92,"column":23},"end":{"line":92,"column":61}},"type":"binary-expr","locations":[{"start":{"line":92,"column":23},"end":{"line":92,"column":41}},{"start":{"line":92,"column":45},"end":{"line":92,"column":61}}],"line":92},"16":{"loc":{"start":{"line":95,"column":4},"end":{"line":97,"column":5}},"type":"if","locations":[{"start":{"line":95,"column":4},"end":{"line":97,"column":5}},{"start":{},"end":{}}],"line":95},"17":{"loc":{"start":{"line":95,"column":8},"end":{"line":95,"column":54}},"type":"binary-expr","locations":[{"start":{"line":95,"column":8},"end":{"line":95,"column":25}},{"start":{"line":95,"column":29},"end":{"line":95,"column":54}}],"line":95},"18":{"loc":{"start":{"line":108,"column":22},"end":{"line":108,"column":33}},"type":"default-arg","locations":[{"start":{"line":108,"column":29},"end":{"line":108,"column":33}}],"line":108},"19":{"loc":{"start":{"line":109,"column":4},"end":{"line":111,"column":5}},"type":"if","locations":[{"start":{"line":109,"column":4},"end":{"line":111,"column":5}},{"start":{},"end":{}}],"line":109},"20":{"loc":{"start":{"line":115,"column":4},"end":{"line":130,"column":5}},"type":"switch","locations":[{"start":{"line":116,"column":6},"end":{"line":118,"column":14}},{"start":{"line":119,"column":6},"end":{"line":121,"column":14}},{"start":{"line":122,"column":6},"end":{"line":124,"column":14}},{"start":{"line":125,"column":6},"end":{"line":127,"column":14}},{"start":{"line":128,"column":6},"end":{"line":129,"column":31}}],"line":115},"21":{"loc":{"start":{"line":138,"column":17},"end":{"line":138,"column":28}},"type":"default-arg","locations":[{"start":{"line":138,"column":24},"end":{"line":138,"column":28}}],"line":138},"22":{"loc":{"start":{"line":147,"column":16},"end":{"line":147,"column":27}},"type":"default-arg","locations":[{"start":{"line":147,"column":23},"end":{"line":147,"column":27}}],"line":147},"23":{"loc":{"start":{"line":156,"column":16},"end":{"line":156,"column":27}},"type":"default-arg","locations":[{"start":{"line":156,"column":23},"end":{"line":156,"column":27}}],"line":156},"24":{"loc":{"start":{"line":166,"column":17},"end":{"line":166,"column":29}},"type":"default-arg","locations":[{"start":{"line":166,"column":25},"end":{"line":166,"column":29}}],"line":166},"25":{"loc":{"start":{"line":166,"column":31},"end":{"line":166,"column":42}},"type":"default-arg","locations":[{"start":{"line":166,"column":38},"end":{"line":166,"column":42}}],"line":166},"26":{"loc":{"start":{"line":167,"column":4},"end":{"line":171,"column":5}},"type":"if","locations":[{"start":{"line":167,"column":4},"end":{"line":171,"column":5}},{"start":{"line":169,"column":11},"end":{"line":171,"column":5}}],"line":167},"27":{"loc":{"start":{"line":170,"column":33},"end":{"line":170,"column":46}},"type":"binary-expr","locations":[{"start":{"line":170,"column":33},"end":{"line":170,"column":38}},{"start":{"line":170,"column":42},"end":{"line":170,"column":46}}],"line":170},"28":{"loc":{"start":{"line":181,"column":34},"end":{"line":181,"column":46}},"type":"default-arg","locations":[{"start":{"line":181,"column":44},"end":{"line":181,"column":46}}],"line":181}},"s":{"0":2,"1":2,"2":2,"3":2,"4":56,"5":56,"6":56,"7":0,"8":0,"9":56,"10":56,"11":0,"12":0,"13":0,"14":0,"15":0,"16":56,"17":56,"18":56,"19":0,"20":56,"21":56,"22":0,"23":56,"24":56,"25":0,"26":0,"27":54,"28":54,"29":2,"30":2,"31":0,"32":0,"33":0,"34":0,"35":54,"36":2,"37":0,"38":0,"39":0,"40":2,"41":2,"42":2},"f":{"0":2,"1":56,"2":56,"3":56,"4":0,"5":54,"6":2,"7":0,"8":2},"b":{"0":[0],"1":[2,0],"2":[2,2,2],"3":[2,2],"4":[0,2],"5":[2,0],"6":[0],"7":[0,56],"8":[0,0],"9":[0,0],"10":[0,56],"11":[56,0],"12":[0,0],"13":[0,0],"14":[0,0],"15":[56,0],"16":[0,56],"17":[56,0],"18":[0],"19":[0,56],"20":[0,54,2,0,0],"21":[0],"22":[54],"23":[2],"24":[0],"25":[0],"26":[0,0],"27":[0,0],"28":[2]},"_coverageSchema":"1a1c01bbd47fc00a2c39e90264f33305004495a9","hash":"0b46a6b0e9c5b7c4ea1a4cb92ac742282fec7490"}
,"E:\\XIANGMU\\pokemmo\\pokemmo myself\\poke-proxy-server\\adapters\\pokemon-showdown\\ShowdownAdapter.js": {"path":"E:\\XIANGMU\\pokemmo\\pokemmo myself\\poke-proxy-server\\adapters\\pokemon-showdown\\ShowdownAdapter.js","statementMap":{"0":{"start":{"line":16,"column":13},"end":{"line":16,"column":28}},"1":{"start":{"line":20,"column":4},"end":{"line":20,"column":30}},"2":{"start":{"line":21,"column":4},"end":{"line":21,"column":31}},"3":{"start":{"line":22,"column":4},"end":{"line":22,"column":28}},"4":{"start":{"line":23,"column":4},"end":{"line":23,"column":35}},"5":{"start":{"line":24,"column":4},"end":{"line":24,"column":36}},"6":{"start":{"line":25,"column":4},"end":{"line":25,"column":34}},"7":{"start":{"line":32,"column":4},"end":{"line":36,"column":5}},"8":{"start":{"line":35,"column":6},"end":{"line":35,"column":83}},"9":{"start":{"line":37,"column":4},"end":{"line":37,"column":30}},"10":{"start":{"line":46,"column":21},"end":{"line":46,"column":42}},"11":{"start":{"line":47,"column":4},"end":{"line":49,"column":5}},"12":{"start":{"line":48,"column":6},"end":{"line":48,"column":42}},"13":{"start":{"line":51,"column":4},"end":{"line":58,"column":5}},"14":{"start":{"line":52,"column":22},"end":{"line":52,"column":79}},"15":{"start":{"line":53,"column":18},"end":{"line":53,"column":58}},"16":{"start":{"line":54,"column":6},"end":{"line":54,"column":40}},"17":{"start":{"line":55,"column":6},"end":{"line":55,"column":17}},"18":{"start":{"line":57,"column":6},"end":{"line":57,"column":65}},"19":{"start":{"line":66,"column":4},"end":{"line":68,"column":5}},"20":{"start":{"line":67,"column":6},"end":{"line":67,"column":30}},"21":{"start":{"line":70,"column":4},"end":{"line":76,"column":5}},"22":{"start":{"line":71,"column":24},"end":{"line":71,"column":87}},"23":{"start":{"line":72,"column":6},"end":{"line":72,"column":31}},"24":{"start":{"line":73,"column":6},"end":{"line":73,"column":19}},"25":{"start":{"line":75,"column":6},"end":{"line":75,"column":67}},"26":{"start":{"line":84,"column":4},"end":{"line":86,"column":5}},"27":{"start":{"line":85,"column":6},"end":{"line":85,"column":37}},"28":{"start":{"line":88,"column":4},"end":{"line":94,"column":5}},"29":{"start":{"line":89,"column":17},"end":{"line":89,"column":74}},"30":{"start":{"line":90,"column":6},"end":{"line":90,"column":48}},"31":{"start":{"line":91,"column":6},"end":{"line":91,"column":37}},"32":{"start":{"line":93,"column":6},"end":{"line":93,"column":74}},"33":{"start":{"line":102,"column":25},"end":{"line":102,"column":52}},"34":{"start":{"line":103,"column":4},"end":{"line":103,"column":30}},"35":{"start":{"line":111,"column":4},"end":{"line":113,"column":5}},"36":{"start":{"line":112,"column":6},"end":{"line":112,"column":38}},"37":{"start":{"line":115,"column":4},"end":{"line":121,"column":5}},"38":{"start":{"line":116,"column":17},"end":{"line":116,"column":74}},"39":{"start":{"line":117,"column":6},"end":{"line":117,"column":53}},"40":{"start":{"line":118,"column":6},"end":{"line":118,"column":38}},"41":{"start":{"line":120,"column":6},"end":{"line":120,"column":78}},"42":{"start":{"line":130,"column":29},"end":{"line":130,"column":54}},"43":{"start":{"line":131,"column":4},"end":{"line":131,"column":42}},"44":{"start":{"line":139,"column":4},"end":{"line":141,"column":5}},"45":{"start":{"line":140,"column":6},"end":{"line":140,"column":36}},"46":{"start":{"line":143,"column":4},"end":{"line":152,"column":5}},"47":{"start":{"line":145,"column":30},"end":{"line":145,"column":114}},"48":{"start":{"line":146,"column":6},"end":{"line":146,"column":43}},"49":{"start":{"line":147,"column":6},"end":{"line":147,"column":25}},"50":{"start":{"line":150,"column":6},"end":{"line":150,"column":76}},"51":{"start":{"line":151,"column":6},"end":{"line":151,"column":73}},"52":{"start":{"line":162,"column":24},"end":{"line":162,"column":50}},"53":{"start":{"line":163,"column":4},"end":{"line":165,"column":5}},"54":{"start":{"line":164,"column":6},"end":{"line":164,"column":45}},"55":{"start":{"line":167,"column":24},"end":{"line":172,"column":5}},"56":{"start":{"line":173,"column":4},"end":{"line":173,"column":50}},"57":{"start":{"line":178,"column":16},"end":{"line":178,"column":37}},"58":{"start":{"line":179,"column":0},"end":{"line":179,"column":25}}},"fnMap":{"0":{"name":"(anonymous_0)","decl":{"start":{"line":19,"column":2},"end":{"line":19,"column":3}},"loc":{"start":{"line":19,"column":16},"end":{"line":26,"column":3}},"line":19},"1":{"name":"(anonymous_1)","decl":{"start":{"line":31,"column":2},"end":{"line":31,"column":3}},"loc":{"start":{"line":31,"column":20},"end":{"line":38,"column":3}},"line":31},"2":{"name":"(anonymous_2)","decl":{"start":{"line":45,"column":2},"end":{"line":45,"column":3}},"loc":{"start":{"line":45,"column":26},"end":{"line":59,"column":3}},"line":45},"3":{"name":"(anonymous_3)","decl":{"start":{"line":65,"column":2},"end":{"line":65,"column":3}},"loc":{"start":{"line":65,"column":13},"end":{"line":77,"column":3}},"line":65},"4":{"name":"(anonymous_4)","decl":{"start":{"line":83,"column":2},"end":{"line":83,"column":3}},"loc":{"start":{"line":83,"column":25},"end":{"line":95,"column":3}},"line":83},"5":{"name":"(anonymous_5)","decl":{"start":{"line":101,"column":2},"end":{"line":101,"column":3}},"loc":{"start":{"line":101,"column":23},"end":{"line":104,"column":3}},"line":101},"6":{"name":"(anonymous_6)","decl":{"start":{"line":110,"column":2},"end":{"line":110,"column":3}},"loc":{"start":{"line":110,"column":23},"end":{"line":122,"column":3}},"line":110},"7":{"name":"(anonymous_7)","decl":{"start":{"line":129,"column":2},"end":{"line":129,"column":3}},"loc":{"start":{"line":129,"column":33},"end":{"line":132,"column":3}},"line":129},"8":{"name":"(anonymous_8)","decl":{"start":{"line":138,"column":2},"end":{"line":138,"column":3}},"loc":{"start":{"line":138,"column":24},"end":{"line":153,"column":3}},"line":138},"9":{"name":"(anonymous_9)","decl":{"start":{"line":161,"column":2},"end":{"line":161,"column":3}},"loc":{"start":{"line":161,"column":43},"end":{"line":174,"column":3}},"line":161}},"branchMap":{"0":{"loc":{"start":{"line":32,"column":4},"end":{"line":36,"column":5}},"type":"if","locations":[{"start":{"line":32,"column":4},"end":{"line":36,"column":5}},{"start":{},"end":{}}],"line":32},"1":{"loc":{"start":{"line":45,"column":9},"end":{"line":45,"column":24}},"type":"default-arg","locations":[{"start":{"line":45,"column":20},"end":{"line":45,"column":24}}],"line":45},"2":{"loc":{"start":{"line":46,"column":21},"end":{"line":46,"column":42}},"type":"binary-expr","locations":[{"start":{"line":46,"column":21},"end":{"line":46,"column":29}},{"start":{"line":46,"column":33},"end":{"line":46,"column":42}}],"line":46},"3":{"loc":{"start":{"line":47,"column":4},"end":{"line":49,"column":5}},"type":"if","locations":[{"start":{"line":47,"column":4},"end":{"line":49,"column":5}},{"start":{},"end":{}}],"line":47},"4":{"loc":{"start":{"line":53,"column":18},"end":{"line":53,"column":58}},"type":"cond-expr","locations":[{"start":{"line":53,"column":29},"end":{"line":53,"column":52}},{"start":{"line":53,"column":55},"end":{"line":53,"column":58}}],"line":53},"5":{"loc":{"start":{"line":66,"column":4},"end":{"line":68,"column":5}},"type":"if","locations":[{"start":{"line":66,"column":4},"end":{"line":68,"column":5}},{"start":{},"end":{}}],"line":66},"6":{"loc":{"start":{"line":84,"column":4},"end":{"line":86,"column":5}},"type":"if","locations":[{"start":{"line":84,"column":4},"end":{"line":86,"column":5}},{"start":{},"end":{}}],"line":84},"7":{"loc":{"start":{"line":111,"column":4},"end":{"line":113,"column":5}},"type":"if","locations":[{"start":{"line":111,"column":4},"end":{"line":113,"column":5}},{"start":{},"end":{}}],"line":111},"8":{"loc":{"start":{"line":139,"column":4},"end":{"line":141,"column":5}},"type":"if","locations":[{"start":{"line":139,"column":4},"end":{"line":141,"column":5}},{"start":{},"end":{}}],"line":139},"9":{"loc":{"start":{"line":161,"column":30},"end":{"line":161,"column":41}},"type":"default-arg","locations":[{"start":{"line":161,"column":37},"end":{"line":161,"column":41}}],"line":161},"10":{"loc":{"start":{"line":163,"column":4},"end":{"line":165,"column":5}},"type":"if","locations":[{"start":{"line":163,"column":4},"end":{"line":165,"column":5}},{"start":{},"end":{}}],"line":163}},"s":{"0":0,"1":0,"2":0,"3":0,"4":0,"5":0,"6":0,"7":0,"8":0,"9":0,"10":0,"11":0,"12":0,"13":0,"14":0,"15":0,"16":0,"17":0,"18":0,"19":0,"20":0,"21":0,"22":0,"23":0,"24":0,"25":0,"26":0,"27":0,"28":0,"29":0,"30":0,"31":0,"32":0,"33":0,"34":0,"35":0,"36":0,"37":0,"38":0,"39":0,"40":0,"41":0,"42":0,"43":0,"44":0,"45":0,"46":0,"47":0,"48":0,"49":0,"50":0,"51":0,"52":0,"53":0,"54":0,"55":0,"56":0,"57":0,"58":0},"f":{"0":0,"1":0,"2":0,"3":0,"4":0,"5":0,"6":0,"7":0,"8":0,"9":0},"b":{"0":[0,0],"1":[0],"2":[0,0],"3":[0,0],"4":[0,0],"5":[0,0],"6":[0,0],"7":[0,0],"8":[0,0],"9":[0],"10":[0,0]}}
,"E:\\XIANGMU\\pokemmo\\pokemmo myself\\poke-proxy-server\\adapters\\resources\\ChineseDataLoader.js": {"path":"E:\\XIANGMU\\pokemmo\\pokemmo myself\\poke-proxy-server\\adapters\\resources\\ChineseDataLoader.js","statementMap":{"0":{"start":{"line":13,"column":11},"end":{"line":13,"column":24}},"1":{"start":{"line":14,"column":13},"end":{"line":14,"column":28}},"2":{"start":{"line":25,"column":4},"end":{"line":25,"column":43}},"3":{"start":{"line":26,"column":4},"end":{"line":30,"column":6}},"4":{"start":{"line":31,"column":4},"end":{"line":31,"column":22}},"5":{"start":{"line":32,"column":4},"end":{"line":32,"column":25}},"6":{"start":{"line":33,"column":4},"end":{"line":33,"column":27}},"7":{"start":{"line":42,"column":4},"end":{"line":44,"column":5}},"8":{"start":{"line":43,"column":6},"end":{"line":43,"column":24}},"9":{"start":{"line":46,"column":4},"end":{"line":55,"column":5}},"10":{"start":{"line":47,"column":22},"end":{"line":47,"column":60}},"11":{"start":{"line":48,"column":6},"end":{"line":48,"column":39}},"12":{"start":{"line":49,"column":6},"end":{"line":49,"column":29}},"13":{"start":{"line":50,"column":6},"end":{"line":50,"column":24}},"14":{"start":{"line":52,"column":6},"end":{"line":52,"column":30}},"15":{"start":{"line":53,"column":6},"end":{"line":53,"column":69}},"16":{"start":{"line":54,"column":6},"end":{"line":54,"column":16}},"17":{"start":{"line":63,"column":4},"end":{"line":65,"column":5}},"18":{"start":{"line":64,"column":6},"end":{"line":64,"column":18}},"19":{"start":{"line":66,"column":4},"end":{"line":66,"column":28}},"20":{"start":{"line":75,"column":17},"end":{"line":75,"column":31}},"21":{"start":{"line":76,"column":23},"end":{"line":76,"column":59}},"22":{"start":{"line":77,"column":4},"end":{"line":77,"column":36}},"23":{"start":{"line":86,"column":18},"end":{"line":86,"column":43}},"24":{"start":{"line":87,"column":4},"end":{"line":87,"column":38}},"25":{"start":{"line":96,"column":4},"end":{"line":96,"column":26}},"26":{"start":{"line":96,"column":16},"end":{"line":96,"column":26}},"27":{"start":{"line":97,"column":4},"end":{"line":97,"column":66}},"28":{"start":{"line":107,"column":4},"end":{"line":107,"column":31}},"29":{"start":{"line":107,"column":18},"end":{"line":107,"column":31}},"30":{"start":{"line":109,"column":23},"end":{"line":111,"column":60}},"31":{"start":{"line":113,"column":4},"end":{"line":113,"column":34}},"32":{"start":{"line":113,"column":21},"end":{"line":113,"column":34}},"33":{"start":{"line":115,"column":18},"end":{"line":115,"column":43}},"34":{"start":{"line":116,"column":4},"end":{"line":116,"column":29}},"35":{"start":{"line":116,"column":16},"end":{"line":116,"column":29}},"36":{"start":{"line":118,"column":23},"end":{"line":118,"column":99}},"37":{"start":{"line":119,"column":4},"end":{"line":119,"column":34}},"38":{"start":{"line":119,"column":21},"end":{"line":119,"column":34}},"39":{"start":{"line":121,"column":23},"end":{"line":121,"column":54}},"40":{"start":{"line":122,"column":22},"end":{"line":122,"column":52}},"41":{"start":{"line":124,"column":4},"end":{"line":128,"column":5}},"42":{"start":{"line":125,"column":6},"end":{"line":127,"column":7}},"43":{"start":{"line":126,"column":8},"end":{"line":126,"column":20}},"44":{"start":{"line":130,"column":4},"end":{"line":130,"column":32}},"45":{"start":{"line":137,"column":4},"end":{"line":139,"column":5}},"46":{"start":{"line":138,"column":6},"end":{"line":138,"column":13}},"47":{"start":{"line":141,"column":4},"end":{"line":151,"column":5}},"48":{"start":{"line":142,"column":6},"end":{"line":147,"column":9}},"49":{"start":{"line":143,"column":8},"end":{"line":146,"column":9}},"50":{"start":{"line":144,"column":10},"end":{"line":144,"column":60}},"51":{"start":{"line":145,"column":10},"end":{"line":145,"column":26}},"52":{"start":{"line":148,"column":6},"end":{"line":148,"column":67}},"53":{"start":{"line":150,"column":6},"end":{"line":150,"column":69}},"54":{"start":{"line":158,"column":4},"end":{"line":162,"column":5}},"55":{"start":{"line":159,"column":6},"end":{"line":159,"column":28}},"56":{"start":{"line":160,"column":6},"end":{"line":160,"column":27}},"57":{"start":{"line":161,"column":6},"end":{"line":161,"column":49}},"58":{"start":{"line":170,"column":4},"end":{"line":170,"column":27}},"59":{"start":{"line":178,"column":17},"end":{"line":178,"column":31}},"60":{"start":{"line":179,"column":4},"end":{"line":185,"column":6}},"61":{"start":{"line":189,"column":0},"end":{"line":189,"column":35}}},"fnMap":{"0":{"name":"(anonymous_0)","decl":{"start":{"line":24,"column":2},"end":{"line":24,"column":3}},"loc":{"start":{"line":24,"column":38},"end":{"line":34,"column":3}},"line":24},"1":{"name":"(anonymous_1)","decl":{"start":{"line":41,"column":2},"end":{"line":41,"column":3}},"loc":{"start":{"line":41,"column":22},"end":{"line":56,"column":3}},"line":41},"2":{"name":"(anonymous_2)","decl":{"start":{"line":62,"column":2},"end":{"line":62,"column":3}},"loc":{"start":{"line":62,"column":12},"end":{"line":67,"column":3}},"line":62},"3":{"name":"(anonymous_3)","decl":{"start":{"line":74,"column":2},"end":{"line":74,"column":3}},"loc":{"start":{"line":74,"column":23},"end":{"line":78,"column":3}},"line":74},"4":{"name":"(anonymous_4)","decl":{"start":{"line":85,"column":2},"end":{"line":85,"column":3}},"loc":{"start":{"line":85,"column":29},"end":{"line":88,"column":3}},"line":85},"5":{"name":"(anonymous_5)","decl":{"start":{"line":95,"column":2},"end":{"line":95,"column":3}},"loc":{"start":{"line":95,"column":29},"end":{"line":98,"column":3}},"line":95},"6":{"name":"(anonymous_6)","decl":{"start":{"line":106,"column":2},"end":{"line":106,"column":3}},"loc":{"start":{"line":106,"column":53},"end":{"line":131,"column":3}},"line":106},"7":{"name":"(anonymous_7)","decl":{"start":{"line":136,"column":2},"end":{"line":136,"column":3}},"loc":{"start":{"line":136,"column":15},"end":{"line":152,"column":3}},"line":136},"8":{"name":"(anonymous_8)","decl":{"start":{"line":142,"column":46},"end":{"line":142,"column":47}},"loc":{"start":{"line":142,"column":61},"end":{"line":147,"column":7}},"line":142},"9":{"name":"(anonymous_9)","decl":{"start":{"line":157,"column":2},"end":{"line":157,"column":3}},"loc":{"start":{"line":157,"column":14},"end":{"line":163,"column":3}},"line":157},"10":{"name":"(anonymous_10)","decl":{"start":{"line":169,"column":2},"end":{"line":169,"column":3}},"loc":{"start":{"line":169,"column":17},"end":{"line":171,"column":3}},"line":169},"11":{"name":"(anonymous_11)","decl":{"start":{"line":177,"column":2},"end":{"line":177,"column":3}},"loc":{"start":{"line":177,"column":13},"end":{"line":186,"column":3}},"line":177}},"branchMap":{"0":{"loc":{"start":{"line":24,"column":24},"end":{"line":24,"column":36}},"type":"default-arg","locations":[{"start":{"line":24,"column":34},"end":{"line":24,"column":36}}],"line":24},"1":{"loc":{"start":{"line":27,"column":13},"end":{"line":27,"column":35}},"type":"binary-expr","locations":[{"start":{"line":27,"column":13},"end":{"line":27,"column":26}},{"start":{"line":27,"column":30},"end":{"line":27,"column":35}}],"line":27},"2":{"loc":{"start":{"line":41,"column":7},"end":{"line":41,"column":20}},"type":"default-arg","locations":[{"start":{"line":41,"column":15},"end":{"line":41,"column":20}}],"line":41},"3":{"loc":{"start":{"line":42,"column":4},"end":{"line":44,"column":5}},"type":"if","locations":[{"start":{"line":42,"column":4},"end":{"line":44,"column":5}},{"start":{},"end":{}}],"line":42},"4":{"loc":{"start":{"line":42,"column":8},"end":{"line":42,"column":50}},"type":"binary-expr","locations":[{"start":{"line":42,"column":8},"end":{"line":42,"column":18}},{"start":{"line":42,"column":22},"end":{"line":42,"column":28}},{"start":{"line":42,"column":32},"end":{"line":42,"column":50}}],"line":42},"5":{"loc":{"start":{"line":63,"column":4},"end":{"line":65,"column":5}},"type":"if","locations":[{"start":{"line":63,"column":4},"end":{"line":65,"column":5}},{"start":{},"end":{}}],"line":63},"6":{"loc":{"start":{"line":66,"column":11},"end":{"line":66,"column":27}},"type":"binary-expr","locations":[{"start":{"line":66,"column":11},"end":{"line":66,"column":21}},{"start":{"line":66,"column":25},"end":{"line":66,"column":27}}],"line":66},"7":{"loc":{"start":{"line":77,"column":11},"end":{"line":77,"column":35}},"type":"binary-expr","locations":[{"start":{"line":77,"column":11},"end":{"line":77,"column":27}},{"start":{"line":77,"column":31},"end":{"line":77,"column":35}}],"line":77},"8":{"loc":{"start":{"line":87,"column":11},"end":{"line":87,"column":37}},"type":"binary-expr","locations":[{"start":{"line":87,"column":11},"end":{"line":87,"column":29}},{"start":{"line":87,"column":33},"end":{"line":87,"column":37}}],"line":87},"9":{"loc":{"start":{"line":96,"column":4},"end":{"line":96,"column":26}},"type":"if","locations":[{"start":{"line":96,"column":4},"end":{"line":96,"column":26}},{"start":{},"end":{}}],"line":96},"10":{"loc":{"start":{"line":106,"column":31},"end":{"line":106,"column":51}},"type":"default-arg","locations":[{"start":{"line":106,"column":47},"end":{"line":106,"column":51}}],"line":106},"11":{"loc":{"start":{"line":107,"column":4},"end":{"line":107,"column":31}},"type":"if","locations":[{"start":{"line":107,"column":4},"end":{"line":107,"column":31}},{"start":{},"end":{}}],"line":107},"12":{"loc":{"start":{"line":109,"column":23},"end":{"line":111,"column":60}},"type":"cond-expr","locations":[{"start":{"line":110,"column":8},"end":{"line":110,"column":41}},{"start":{"line":111,"column":8},"end":{"line":111,"column":60}}],"line":109},"13":{"loc":{"start":{"line":111,"column":33},"end":{"line":111,"column":59}},"type":"binary-expr","locations":[{"start":{"line":111,"column":33},"end":{"line":111,"column":43}},{"start":{"line":111,"column":47},"end":{"line":111,"column":59}}],"line":111},"14":{"loc":{"start":{"line":113,"column":4},"end":{"line":113,"column":34}},"type":"if","locations":[{"start":{"line":113,"column":4},"end":{"line":113,"column":34}},{"start":{},"end":{}}],"line":113},"15":{"loc":{"start":{"line":116,"column":4},"end":{"line":116,"column":29}},"type":"if","locations":[{"start":{"line":116,"column":4},"end":{"line":116,"column":29}},{"start":{},"end":{}}],"line":116},"16":{"loc":{"start":{"line":118,"column":23},"end":{"line":118,"column":99}},"type":"binary-expr","locations":[{"start":{"line":118,"column":23},"end":{"line":118,"column":60}},{"start":{"line":118,"column":64},"end":{"line":118,"column":99}}],"line":118},"17":{"loc":{"start":{"line":119,"column":4},"end":{"line":119,"column":34}},"type":"if","locations":[{"start":{"line":119,"column":4},"end":{"line":119,"column":34}},{"start":{},"end":{}}],"line":119},"18":{"loc":{"start":{"line":121,"column":24},"end":{"line":121,"column":46}},"type":"binary-expr","locations":[{"start":{"line":121,"column":24},"end":{"line":121,"column":40}},{"start":{"line":121,"column":44},"end":{"line":121,"column":46}}],"line":121},"19":{"loc":{"start":{"line":122,"column":23},"end":{"line":122,"column":44}},"type":"binary-expr","locations":[{"start":{"line":122,"column":23},"end":{"line":122,"column":38}},{"start":{"line":122,"column":42},"end":{"line":122,"column":44}}],"line":122},"20":{"loc":{"start":{"line":124,"column":4},"end":{"line":128,"column":5}},"type":"if","locations":[{"start":{"line":124,"column":4},"end":{"line":128,"column":5}},{"start":{},"end":{}}],"line":124},"21":{"loc":{"start":{"line":124,"column":8},"end":{"line":124,"column":35}},"type":"binary-expr","locations":[{"start":{"line":124,"column":8},"end":{"line":124,"column":18}},{"start":{"line":124,"column":22},"end":{"line":124,"column":35}}],"line":124},"22":{"loc":{"start":{"line":125,"column":6},"end":{"line":127,"column":7}},"type":"if","locations":[{"start":{"line":125,"column":6},"end":{"line":127,"column":7}},{"start":{},"end":{}}],"line":125},"23":{"loc":{"start":{"line":137,"column":4},"end":{"line":139,"column":5}},"type":"if","locations":[{"start":{"line":137,"column":4},"end":{"line":139,"column":5}},{"start":{},"end":{}}],"line":137},"24":{"loc":{"start":{"line":137,"column":8},"end":{"line":137,"column":44}},"type":"binary-expr","locations":[{"start":{"line":137,"column":8},"end":{"line":137,"column":21}},{"start":{"line":137,"column":25},"end":{"line":137,"column":44}}],"line":137},"25":{"loc":{"start":{"line":143,"column":8},"end":{"line":146,"column":9}},"type":"if","locations":[{"start":{"line":143,"column":8},"end":{"line":146,"column":9}},{"start":{},"end":{}}],"line":143},"26":{"loc":{"start":{"line":158,"column":4},"end":{"line":162,"column":5}},"type":"if","locations":[{"start":{"line":158,"column":4},"end":{"line":162,"column":5}},{"start":{},"end":{}}],"line":158},"27":{"loc":{"start":{"line":182,"column":20},"end":{"line":182,"column":52}},"type":"binary-expr","locations":[{"start":{"line":182,"column":20},"end":{"line":182,"column":44}},{"start":{"line":182,"column":48},"end":{"line":182,"column":52}}],"line":182}},"s":{"0":0,"1":0,"2":0,"3":0,"4":0,"5":0,"6":0,"7":0,"8":0,"9":0,"10":0,"11":0,"12":0,"13":0,"14":0,"15":0,"16":0,"17":0,"18":0,"19":0,"20":0,"21":0,"22":0,"23":0,"24":0,"25":0,"26":0,"27":0,"28":0,"29":0,"30":0,"31":0,"32":0,"33":0,"34":0,"35":0,"36":0,"37":0,"38":0,"39":0,"40":0,"41":0,"42":0,"43":0,"44":0,"45":0,"46":0,"47":0,"48":0,"49":0,"50":0,"51":0,"52":0,"53":0,"54":0,"55":0,"56":0,"57":0,"58":0,"59":0,"60":0,"61":0},"f":{"0":0,"1":0,"2":0,"3":0,"4":0,"5":0,"6":0,"7":0,"8":0,"9":0,"10":0,"11":0},"b":{"0":[0],"1":[0,0],"2":[0],"3":[0,0],"4":[0,0,0],"5":[0,0],"6":[0,0],"7":[0,0],"8":[0,0],"9":[0,0],"10":[0],"11":[0,0],"12":[0,0],"13":[0,0],"14":[0,0],"15":[0,0],"16":[0,0],"17":[0,0],"18":[0,0],"19":[0,0],"20":[0,0],"21":[0,0],"22":[0,0],"23":[0,0],"24":[0,0],"25":[0,0],"26":[0,0],"27":[0,0]}}
,"E:\\XIANGMU\\pokemmo\\pokemmo myself\\poke-proxy-server\\adapters\\resources\\SpriteFileManager.js": {"path":"E:\\XIANGMU\\pokemmo\\pokemmo myself\\poke-proxy-server\\adapters\\resources\\SpriteFileManager.js","statementMap":{"0":{"start":{"line":14,"column":11},"end":{"line":14,"column":24}},"1":{"start":{"line":15,"column":13},"end":{"line":15,"column":28}},"2":{"start":{"line":26,"column":4},"end":{"line":26,"column":47}},"3":{"start":{"line":27,"column":4},"end":{"line":31,"column":6}},"4":{"start":{"line":32,"column":4},"end":{"line":32,"column":25}},"5":{"start":{"line":33,"column":4},"end":{"line":33,"column":30}},"6":{"start":{"line":42,"column":4},"end":{"line":44,"column":5}},"7":{"start":{"line":43,"column":6},"end":{"line":43,"column":27}},"8":{"start":{"line":46,"column":4},"end":{"line":55,"column":5}},"9":{"start":{"line":47,"column":20},"end":{"line":47,"column":51}},"10":{"start":{"line":48,"column":6},"end":{"line":48,"column":37}},"11":{"start":{"line":49,"column":6},"end":{"line":49,"column":38}},"12":{"start":{"line":50,"column":6},"end":{"line":50,"column":27}},"13":{"start":{"line":52,"column":6},"end":{"line":52,"column":69}},"14":{"start":{"line":53,"column":6},"end":{"line":53,"column":32}},"15":{"start":{"line":54,"column":6},"end":{"line":54,"column":27}},"16":{"start":{"line":63,"column":4},"end":{"line":65,"column":5}},"17":{"start":{"line":64,"column":6},"end":{"line":64,"column":18}},"18":{"start":{"line":66,"column":4},"end":{"line":66,"column":25}},"19":{"start":{"line":75,"column":20},"end":{"line":75,"column":37}},"20":{"start":{"line":76,"column":4},"end":{"line":76,"column":33}},"21":{"start":{"line":85,"column":4},"end":{"line":85,"column":48}},"22":{"start":{"line":94,"column":4},"end":{"line":99,"column":5}},"23":{"start":{"line":95,"column":23},"end":{"line":95,"column":49}},"24":{"start":{"line":96,"column":6},"end":{"line":96,"column":37}},"25":{"start":{"line":98,"column":6},"end":{"line":98,"column":19}},"26":{"start":{"line":107,"column":20},"end":{"line":107,"column":37}},"27":{"start":{"line":108,"column":4},"end":{"line":108,"column":31}},"28":{"start":{"line":116,"column":20},"end":{"line":116,"column":37}},"29":{"start":{"line":117,"column":4},"end":{"line":122,"column":6}},"30":{"start":{"line":129,"column":4},"end":{"line":129,"column":25}},"31":{"start":{"line":130,"column":4},"end":{"line":130,"column":30}},"32":{"start":{"line":134,"column":0},"end":{"line":134,"column":35}}},"fnMap":{"0":{"name":"(anonymous_0)","decl":{"start":{"line":25,"column":2},"end":{"line":25,"column":3}},"loc":{"start":{"line":25,"column":40},"end":{"line":34,"column":3}},"line":25},"1":{"name":"(anonymous_1)","decl":{"start":{"line":41,"column":2},"end":{"line":41,"column":3}},"loc":{"start":{"line":41,"column":22},"end":{"line":56,"column":3}},"line":41},"2":{"name":"(anonymous_2)","decl":{"start":{"line":62,"column":2},"end":{"line":62,"column":3}},"loc":{"start":{"line":62,"column":15},"end":{"line":67,"column":3}},"line":62},"3":{"name":"(anonymous_3)","decl":{"start":{"line":74,"column":2},"end":{"line":74,"column":3}},"loc":{"start":{"line":74,"column":20},"end":{"line":77,"column":3}},"line":74},"4":{"name":"(anonymous_4)","decl":{"start":{"line":84,"column":2},"end":{"line":84,"column":3}},"loc":{"start":{"line":84,"column":24},"end":{"line":86,"column":3}},"line":84},"5":{"name":"(anonymous_5)","decl":{"start":{"line":93,"column":2},"end":{"line":93,"column":3}},"loc":{"start":{"line":93,"column":23},"end":{"line":100,"column":3}},"line":93},"6":{"name":"(anonymous_6)","decl":{"start":{"line":106,"column":2},"end":{"line":106,"column":3}},"loc":{"start":{"line":106,"column":16},"end":{"line":109,"column":3}},"line":106},"7":{"name":"(anonymous_7)","decl":{"start":{"line":115,"column":2},"end":{"line":115,"column":3}},"loc":{"start":{"line":115,"column":13},"end":{"line":123,"column":3}},"line":115},"8":{"name":"(anonymous_8)","decl":{"start":{"line":128,"column":2},"end":{"line":128,"column":3}},"loc":{"start":{"line":128,"column":15},"end":{"line":131,"column":3}},"line":128}},"branchMap":{"0":{"loc":{"start":{"line":25,"column":26},"end":{"line":25,"column":38}},"type":"default-arg","locations":[{"start":{"line":25,"column":36},"end":{"line":25,"column":38}}],"line":25},"1":{"loc":{"start":{"line":29,"column":13},"end":{"line":29,"column":35}},"type":"binary-expr","locations":[{"start":{"line":29,"column":13},"end":{"line":29,"column":26}},{"start":{"line":29,"column":30},"end":{"line":29,"column":35}}],"line":29},"2":{"loc":{"start":{"line":41,"column":7},"end":{"line":41,"column":20}},"type":"default-arg","locations":[{"start":{"line":41,"column":15},"end":{"line":41,"column":20}}],"line":41},"3":{"loc":{"start":{"line":42,"column":4},"end":{"line":44,"column":5}},"type":"if","locations":[{"start":{"line":42,"column":4},"end":{"line":44,"column":5}},{"start":{},"end":{}}],"line":42},"4":{"loc":{"start":{"line":42,"column":8},"end":{"line":42,"column":53}},"type":"binary-expr","locations":[{"start":{"line":42,"column":8},"end":{"line":42,"column":21}},{"start":{"line":42,"column":25},"end":{"line":42,"column":31}},{"start":{"line":42,"column":35},"end":{"line":42,"column":53}}],"line":42},"5":{"loc":{"start":{"line":63,"column":4},"end":{"line":65,"column":5}},"type":"if","locations":[{"start":{"line":63,"column":4},"end":{"line":65,"column":5}},{"start":{},"end":{}}],"line":63}},"s":{"0":0,"1":0,"2":0,"3":0,"4":0,"5":0,"6":0,"7":0,"8":0,"9":0,"10":0,"11":0,"12":0,"13":0,"14":0,"15":0,"16":0,"17":0,"18":0,"19":0,"20":0,"21":0,"22":0,"23":0,"24":0,"25":0,"26":0,"27":0,"28":0,"29":0,"30":0,"31":0,"32":0},"f":{"0":0,"1":0,"2":0,"3":0,"4":0,"5":0,"6":0,"7":0,"8":0},"b":{"0":[0],"1":[0,0],"2":[0],"3":[0,0],"4":[0,0,0],"5":[0,0]}}
,"E:\\XIANGMU\\pokemmo\\pokemmo myself\\poke-proxy-server\\controllers\\AIBattleController.js": {"path":"E:\\XIANGMU\\pokemmo\\pokemmo myself\\poke-proxy-server\\controllers\\AIBattleController.js","statementMap":{"0":{"start":{"line":2,"column":28},"end":{"line":2,"column":32}},"1":{"start":{"line":3,"column":2},"end":{"line":5,"column":3}},"2":{"start":{"line":4,"column":4},"end":{"line":4,"column":62}},"3":{"start":{"line":7,"column":2},"end":{"line":11,"column":4}},"4":{"start":{"line":9,"column":6},"end":{"line":9,"column":40}},"5":{"start":{"line":14,"column":0},"end":{"line":14,"column":42}}},"fnMap":{"0":{"name":"createAIBattleController","decl":{"start":{"line":1,"column":9},"end":{"line":1,"column":33}},"loc":{"start":{"line":1,"column":45},"end":{"line":12,"column":1}},"line":1},"1":{"name":"(anonymous_1)","decl":{"start":{"line":8,"column":4},"end":{"line":8,"column":5}},"loc":{"start":{"line":8,"column":29},"end":{"line":10,"column":5}},"line":8}},"branchMap":{"0":{"loc":{"start":{"line":1,"column":34},"end":{"line":1,"column":43}},"type":"default-arg","locations":[{"start":{"line":1,"column":41},"end":{"line":1,"column":43}}],"line":1},"1":{"loc":{"start":{"line":3,"column":2},"end":{"line":5,"column":3}},"type":"if","locations":[{"start":{"line":3,"column":2},"end":{"line":5,"column":3}},{"start":{},"end":{}}],"line":3}},"s":{"0":0,"1":0,"2":0,"3":0,"4":0,"5":0},"f":{"0":0,"1":0},"b":{"0":[0],"1":[0,0]}}
,"E:\\XIANGMU\\pokemmo\\pokemmo myself\\poke-proxy-server\\controllers\\PvPController.js": {"path":"E:\\XIANGMU\\pokemmo\\pokemmo myself\\poke-proxy-server\\controllers\\PvPController.js","statementMap":{"0":{"start":{"line":7,"column":6},"end":{"line":7,"column":10}},"1":{"start":{"line":9,"column":2},"end":{"line":11,"column":3}},"2":{"start":{"line":10,"column":4},"end":{"line":10,"column":48}},"3":{"start":{"line":13,"column":2},"end":{"line":18,"column":4}},"4":{"start":{"line":21,"column":0},"end":{"line":21,"column":37}}},"fnMap":{"0":{"name":"createPvPController","decl":{"start":{"line":1,"column":9},"end":{"line":1,"column":28}},"loc":{"start":{"line":1,"column":40},"end":{"line":19,"column":1}},"line":1},"1":{"name":"(anonymous_1)","decl":{"start":{"line":16,"column":67},"end":{"line":16,"column":68}},"loc":{"start":{"line":16,"column":79},"end":{"line":16,"column":81}},"line":16},"2":{"name":"(anonymous_2)","decl":{"start":{"line":17,"column":82},"end":{"line":17,"column":83}},"loc":{"start":{"line":17,"column":88},"end":{"line":17,"column":90}},"line":17}},"branchMap":{"0":{"loc":{"start":{"line":1,"column":29},"end":{"line":1,"column":38}},"type":"default-arg","locations":[{"start":{"line":1,"column":36},"end":{"line":1,"column":38}}],"line":1},"1":{"loc":{"start":{"line":9,"column":2},"end":{"line":11,"column":3}},"type":"if","locations":[{"start":{"line":9,"column":2},"end":{"line":11,"column":3}},{"start":{},"end":{}}],"line":9},"2":{"loc":{"start":{"line":9,"column":6},"end":{"line":9,"column":84}},"type":"binary-expr","locations":[{"start":{"line":9,"column":6},"end":{"line":9,"column":44}},{"start":{"line":9,"column":48},"end":{"line":9,"column":84}}],"line":9},"3":{"loc":{"start":{"line":16,"column":11},"end":{"line":16,"column":81}},"type":"cond-expr","locations":[{"start":{"line":16,"column":50},"end":{"line":16,"column":64}},{"start":{"line":16,"column":67},"end":{"line":16,"column":81}}],"line":16},"4":{"loc":{"start":{"line":17,"column":22},"end":{"line":17,"column":90}},"type":"cond-expr","locations":[{"start":{"line":17,"column":63},"end":{"line":17,"column":79}},{"start":{"line":17,"column":82},"end":{"line":17,"column":90}}],"line":17}},"s":{"0":0,"1":0,"2":0,"3":0,"4":0},"f":{"0":0,"1":0,"2":0},"b":{"0":[0],"1":[0,0],"2":[0,0],"3":[0,0],"4":[0,0]}}
,"E:\\XIANGMU\\pokemmo\\pokemmo myself\\poke-proxy-server\\controllers\\connectionController.js": {"path":"E:\\XIANGMU\\pokemmo\\pokemmo myself\\poke-proxy-server\\controllers\\connectionController.js","statementMap":{"0":{"start":{"line":1,"column":18},"end":{"line":1,"column":31}},"1":{"start":{"line":2,"column":29},"end":{"line":2,"column":68}},"2":{"start":{"line":3,"column":21},"end":{"line":3,"column":58}},"3":{"start":{"line":4,"column":15},"end":{"line":4,"column":51}},"4":{"start":{"line":13,"column":6},"end":{"line":13,"column":10}},"5":{"start":{"line":15,"column":2},"end":{"line":17,"column":3}},"6":{"start":{"line":16,"column":4},"end":{"line":16,"column":53}},"7":{"start":{"line":19,"column":2},"end":{"line":206,"column":4}},"8":{"start":{"line":20,"column":4},"end":{"line":27,"column":7}},"9":{"start":{"line":29,"column":25},"end":{"line":29,"column":83}},"10":{"start":{"line":30,"column":4},"end":{"line":30,"column":36}},"11":{"start":{"line":31,"column":4},"end":{"line":31,"column":20}},"12":{"start":{"line":32,"column":4},"end":{"line":32,"column":20}},"13":{"start":{"line":33,"column":4},"end":{"line":33,"column":29}},"14":{"start":{"line":34,"column":4},"end":{"line":34,"column":41}},"15":{"start":{"line":36,"column":25},"end":{"line":50,"column":12}},"16":{"start":{"line":37,"column":6},"end":{"line":49,"column":7}},"17":{"start":{"line":38,"column":8},"end":{"line":46,"column":9}},"18":{"start":{"line":39,"column":10},"end":{"line":39,"column":20}},"19":{"start":{"line":40,"column":10},"end":{"line":42,"column":11}},"20":{"start":{"line":41,"column":12},"end":{"line":41,"column":64}},"21":{"start":{"line":44,"column":10},"end":{"line":44,"column":40}},"22":{"start":{"line":45,"column":10},"end":{"line":45,"column":38}},"23":{"start":{"line":48,"column":8},"end":{"line":48,"column":36}},"24":{"start":{"line":52,"column":4},"end":{"line":54,"column":7}},"25":{"start":{"line":53,"column":6},"end":{"line":53,"column":51}},"26":{"start":{"line":56,"column":24},"end":{"line":56,"column":85}},"27":{"start":{"line":57,"column":4},"end":{"line":57,"column":34}},"28":{"start":{"line":59,"column":4},"end":{"line":91,"column":7}},"29":{"start":{"line":60,"column":22},"end":{"line":60,"column":37}},"30":{"start":{"line":61,"column":6},"end":{"line":61,"column":90}},"31":{"start":{"line":63,"column":6},"end":{"line":90,"column":7}},"32":{"start":{"line":64,"column":20},"end":{"line":64,"column":39}},"33":{"start":{"line":66,"column":8},"end":{"line":87,"column":9}},"34":{"start":{"line":68,"column":12},"end":{"line":68,"column":41}},"35":{"start":{"line":69,"column":12},"end":{"line":69,"column":18}},"36":{"start":{"line":71,"column":12},"end":{"line":71,"column":52}},"37":{"start":{"line":72,"column":12},"end":{"line":72,"column":18}},"38":{"start":{"line":74,"column":25},"end":{"line":74,"column":50}},"39":{"start":{"line":75,"column":12},"end":{"line":79,"column":13}},"40":{"start":{"line":76,"column":14},"end":{"line":76,"column":63}},"41":{"start":{"line":78,"column":14},"end":{"line":78,"column":62}},"42":{"start":{"line":80,"column":12},"end":{"line":80,"column":18}},"43":{"start":{"line":83,"column":12},"end":{"line":83,"column":34}},"44":{"start":{"line":84,"column":12},"end":{"line":84,"column":18}},"45":{"start":{"line":86,"column":12},"end":{"line":86,"column":55}},"46":{"start":{"line":89,"column":8},"end":{"line":89,"column":34}},"47":{"start":{"line":93,"column":4},"end":{"line":98,"column":7}},"48":{"start":{"line":94,"column":6},"end":{"line":94,"column":42}},"49":{"start":{"line":95,"column":6},"end":{"line":97,"column":7}},"50":{"start":{"line":96,"column":8},"end":{"line":96,"column":41}},"51":{"start":{"line":100,"column":4},"end":{"line":196,"column":7}},"52":{"start":{"line":101,"column":33},"end":{"line":101,"column":99}},"53":{"start":{"line":102,"column":6},"end":{"line":110,"column":9}},"54":{"start":{"line":112,"column":6},"end":{"line":112,"column":34}},"55":{"start":{"line":114,"column":6},"end":{"line":116,"column":7}},"56":{"start":{"line":115,"column":8},"end":{"line":115,"column":41}},"57":{"start":{"line":118,"column":6},"end":{"line":138,"column":7}},"58":{"start":{"line":119,"column":21},"end":{"line":119,"column":52}},"59":{"start":{"line":120,"column":8},"end":{"line":137,"column":9}},"60":{"start":{"line":121,"column":23},"end":{"line":121,"column":31}},"61":{"start":{"line":122,"column":10},"end":{"line":125,"column":11}},"62":{"start":{"line":123,"column":12},"end":{"line":123,"column":36}},"63":{"start":{"line":124,"column":12},"end":{"line":124,"column":60}},"64":{"start":{"line":127,"column":10},"end":{"line":132,"column":11}},"65":{"start":{"line":128,"column":12},"end":{"line":131,"column":15}},"66":{"start":{"line":134,"column":10},"end":{"line":136,"column":11}},"67":{"start":{"line":135,"column":12},"end":{"line":135,"column":47}},"68":{"start":{"line":140,"column":6},"end":{"line":169,"column":7}},"69":{"start":{"line":141,"column":30},"end":{"line":141,"column":55}},"70":{"start":{"line":142,"column":38},"end":{"line":142,"column":43}},"71":{"start":{"line":144,"column":8},"end":{"line":149,"column":9}},"72":{"start":{"line":145,"column":23},"end":{"line":145,"column":54}},"73":{"start":{"line":146,"column":10},"end":{"line":148,"column":11}},"74":{"start":{"line":147,"column":12},"end":{"line":147,"column":43}},"75":{"start":{"line":151,"column":8},"end":{"line":158,"column":9}},"76":{"start":{"line":152,"column":10},"end":{"line":157,"column":11}},"77":{"start":{"line":153,"column":12},"end":{"line":156,"column":13}},"78":{"start":{"line":154,"column":14},"end":{"line":154,"column":45}},"79":{"start":{"line":155,"column":14},"end":{"line":155,"column":20}},"80":{"start":{"line":160,"column":8},"end":{"line":160,"column":37}},"81":{"start":{"line":162,"column":8},"end":{"line":168,"column":9}},"82":{"start":{"line":163,"column":10},"end":{"line":167,"column":11}},"83":{"start":{"line":164,"column":12},"end":{"line":164,"column":36}},"84":{"start":{"line":166,"column":12},"end":{"line":166,"column":77}},"85":{"start":{"line":171,"column":6},"end":{"line":183,"column":7}},"86":{"start":{"line":172,"column":30},"end":{"line":172,"column":59}},"87":{"start":{"line":173,"column":34},"end":{"line":173,"column":39}},"88":{"start":{"line":174,"column":8},"end":{"line":179,"column":9}},"89":{"start":{"line":175,"column":10},"end":{"line":178,"column":11}},"90":{"start":{"line":176,"column":12},"end":{"line":176,"column":39}},"91":{"start":{"line":177,"column":12},"end":{"line":177,"column":18}},"92":{"start":{"line":180,"column":8},"end":{"line":182,"column":9}},"93":{"start":{"line":181,"column":10},"end":{"line":181,"column":43}},"94":{"start":{"line":185,"column":6},"end":{"line":191,"column":7}},"95":{"start":{"line":186,"column":8},"end":{"line":190,"column":9}},"96":{"start":{"line":187,"column":10},"end":{"line":187,"column":38}},"97":{"start":{"line":189,"column":10},"end":{"line":189,"column":58}},"98":{"start":{"line":193,"column":6},"end":{"line":195,"column":7}},"99":{"start":{"line":194,"column":8},"end":{"line":194,"column":61}},"100":{"start":{"line":198,"column":4},"end":{"line":205,"column":5}},"101":{"start":{"line":199,"column":6},"end":{"line":199,"column":35}},"102":{"start":{"line":200,"column":6},"end":{"line":202,"column":7}},"103":{"start":{"line":201,"column":8},"end":{"line":201,"column":18}},"104":{"start":{"line":204,"column":6},"end":{"line":204,"column":54}},"105":{"start":{"line":209,"column":0},"end":{"line":209,"column":44}}},"fnMap":{"0":{"name":"createConnectionController","decl":{"start":{"line":6,"column":9},"end":{"line":6,"column":35}},"loc":{"start":{"line":6,"column":47},"end":{"line":207,"column":1}},"line":6},"1":{"name":"handleConnection","decl":{"start":{"line":19,"column":18},"end":{"line":19,"column":34}},"loc":{"start":{"line":19,"column":44},"end":{"line":206,"column":3}},"line":19},"2":{"name":"(anonymous_2)","decl":{"start":{"line":36,"column":37},"end":{"line":36,"column":38}},"loc":{"start":{"line":36,"column":43},"end":{"line":50,"column":5}},"line":36},"3":{"name":"(anonymous_3)","decl":{"start":{"line":52,"column":18},"end":{"line":52,"column":19}},"loc":{"start":{"line":52,"column":24},"end":{"line":54,"column":5}},"line":52},"4":{"name":"(anonymous_4)","decl":{"start":{"line":59,"column":21},"end":{"line":59,"column":22}},"loc":{"start":{"line":59,"column":37},"end":{"line":91,"column":5}},"line":59},"5":{"name":"(anonymous_5)","decl":{"start":{"line":93,"column":19},"end":{"line":93,"column":20}},"loc":{"start":{"line":93,"column":30},"end":{"line":98,"column":5}},"line":93},"6":{"name":"(anonymous_6)","decl":{"start":{"line":100,"column":19},"end":{"line":100,"column":20}},"loc":{"start":{"line":100,"column":37},"end":{"line":196,"column":5}},"line":100}},"branchMap":{"0":{"loc":{"start":{"line":6,"column":36},"end":{"line":6,"column":45}},"type":"default-arg","locations":[{"start":{"line":6,"column":43},"end":{"line":6,"column":45}}],"line":6},"1":{"loc":{"start":{"line":15,"column":2},"end":{"line":17,"column":3}},"type":"if","locations":[{"start":{"line":15,"column":2},"end":{"line":17,"column":3}},{"start":{},"end":{}}],"line":15},"2":{"loc":{"start":{"line":15,"column":6},"end":{"line":15,"column":37}},"type":"binary-expr","locations":[{"start":{"line":15,"column":6},"end":{"line":15,"column":19}},{"start":{"line":15,"column":23},"end":{"line":15,"column":37}}],"line":15},"3":{"loc":{"start":{"line":37,"column":6},"end":{"line":49,"column":7}},"type":"if","locations":[{"start":{"line":37,"column":6},"end":{"line":49,"column":7}},{"start":{"line":47,"column":13},"end":{"line":49,"column":7}}],"line":37},"4":{"loc":{"start":{"line":40,"column":10},"end":{"line":42,"column":11}},"type":"if","locations":[{"start":{"line":40,"column":10},"end":{"line":42,"column":11}},{"start":{},"end":{}}],"line":40},"5":{"loc":{"start":{"line":40,"column":14},"end":{"line":40,"column":70}},"type":"binary-expr","locations":[{"start":{"line":40,"column":14},"end":{"line":40,"column":45}},{"start":{"line":40,"column":49},"end":{"line":40,"column":70}}],"line":40},"6":{"loc":{"start":{"line":66,"column":8},"end":{"line":87,"column":9}},"type":"switch","locations":[{"start":{"line":67,"column":10},"end":{"line":69,"column":18}},{"start":{"line":70,"column":10},"end":{"line":72,"column":18}},{"start":{"line":73,"column":10},"end":{"line":81,"column":11}},{"start":{"line":82,"column":10},"end":{"line":84,"column":18}},{"start":{"line":85,"column":10},"end":{"line":86,"column":55}}],"line":66},"7":{"loc":{"start":{"line":74,"column":25},"end":{"line":74,"column":50}},"type":"binary-expr","locations":[{"start":{"line":74,"column":25},"end":{"line":74,"column":42}},{"start":{"line":74,"column":46},"end":{"line":74,"column":50}}],"line":74},"8":{"loc":{"start":{"line":75,"column":12},"end":{"line":79,"column":13}},"type":"if","locations":[{"start":{"line":75,"column":12},"end":{"line":79,"column":13}},{"start":{"line":77,"column":19},"end":{"line":79,"column":13}}],"line":75},"9":{"loc":{"start":{"line":76,"column":44},"end":{"line":76,"column":61}},"type":"binary-expr","locations":[{"start":{"line":76,"column":44},"end":{"line":76,"column":55}},{"start":{"line":76,"column":59},"end":{"line":76,"column":61}}],"line":76},"10":{"loc":{"start":{"line":78,"column":43},"end":{"line":78,"column":60}},"type":"binary-expr","locations":[{"start":{"line":78,"column":43},"end":{"line":78,"column":54}},{"start":{"line":78,"column":58},"end":{"line":78,"column":60}}],"line":78},"11":{"loc":{"start":{"line":95,"column":6},"end":{"line":97,"column":7}},"type":"if","locations":[{"start":{"line":95,"column":6},"end":{"line":97,"column":7}},{"start":{},"end":{}}],"line":95},"12":{"loc":{"start":{"line":101,"column":33},"end":{"line":101,"column":99}},"type":"cond-expr","locations":[{"start":{"line":101,"column":59},"end":{"line":101,"column":95}},{"start":{"line":101,"column":98},"end":{"line":101,"column":99}}],"line":101},"13":{"loc":{"start":{"line":106,"column":16},"end":{"line":106,"column":43}},"type":"binary-expr","locations":[{"start":{"line":106,"column":16},"end":{"line":106,"column":34}},{"start":{"line":106,"column":38},"end":{"line":106,"column":43}}],"line":106},"14":{"loc":{"start":{"line":107,"column":16},"end":{"line":107,"column":35}},"type":"binary-expr","locations":[{"start":{"line":107,"column":16},"end":{"line":107,"column":26}},{"start":{"line":107,"column":30},"end":{"line":107,"column":35}}],"line":107},"15":{"loc":{"start":{"line":108,"column":14},"end":{"line":108,"column":31}},"type":"binary-expr","locations":[{"start":{"line":108,"column":14},"end":{"line":108,"column":22}},{"start":{"line":108,"column":26},"end":{"line":108,"column":31}}],"line":108},"16":{"loc":{"start":{"line":109,"column":14},"end":{"line":109,"column":31}},"type":"binary-expr","locations":[{"start":{"line":109,"column":14},"end":{"line":109,"column":22}},{"start":{"line":109,"column":26},"end":{"line":109,"column":31}}],"line":109},"17":{"loc":{"start":{"line":114,"column":6},"end":{"line":116,"column":7}},"type":"if","locations":[{"start":{"line":114,"column":6},"end":{"line":116,"column":7}},{"start":{},"end":{}}],"line":114},"18":{"loc":{"start":{"line":118,"column":6},"end":{"line":138,"column":7}},"type":"if","locations":[{"start":{"line":118,"column":6},"end":{"line":138,"column":7}},{"start":{},"end":{}}],"line":118},"19":{"loc":{"start":{"line":120,"column":8},"end":{"line":137,"column":9}},"type":"if","locations":[{"start":{"line":120,"column":8},"end":{"line":137,"column":9}},{"start":{},"end":{}}],"line":120},"20":{"loc":{"start":{"line":122,"column":10},"end":{"line":125,"column":11}},"type":"if","locations":[{"start":{"line":122,"column":10},"end":{"line":125,"column":11}},{"start":{},"end":{}}],"line":122},"21":{"loc":{"start":{"line":122,"column":14},"end":{"line":122,"column":47}},"type":"binary-expr","locations":[{"start":{"line":122,"column":14},"end":{"line":122,"column":18}},{"start":{"line":122,"column":22},"end":{"line":122,"column":47}}],"line":122},"22":{"loc":{"start":{"line":127,"column":10},"end":{"line":132,"column":11}},"type":"if","locations":[{"start":{"line":127,"column":10},"end":{"line":132,"column":11}},{"start":{},"end":{}}],"line":127},"23":{"loc":{"start":{"line":134,"column":10},"end":{"line":136,"column":11}},"type":"if","locations":[{"start":{"line":134,"column":10},"end":{"line":136,"column":11}},{"start":{},"end":{}}],"line":134},"24":{"loc":{"start":{"line":134,"column":14},"end":{"line":134,"column":80}},"type":"binary-expr","locations":[{"start":{"line":134,"column":14},"end":{"line":134,"column":30}},{"start":{"line":134,"column":34},"end":{"line":134,"column":50}},{"start":{"line":134,"column":54},"end":{"line":134,"column":80}}],"line":134},"25":{"loc":{"start":{"line":140,"column":6},"end":{"line":169,"column":7}},"type":"if","locations":[{"start":{"line":140,"column":6},"end":{"line":169,"column":7}},{"start":{},"end":{}}],"line":140},"26":{"loc":{"start":{"line":144,"column":8},"end":{"line":149,"column":9}},"type":"if","locations":[{"start":{"line":144,"column":8},"end":{"line":149,"column":9}},{"start":{},"end":{}}],"line":144},"27":{"loc":{"start":{"line":146,"column":10},"end":{"line":148,"column":11}},"type":"if","locations":[{"start":{"line":146,"column":10},"end":{"line":148,"column":11}},{"start":{},"end":{}}],"line":146},"28":{"loc":{"start":{"line":146,"column":14},"end":{"line":146,"column":88}},"type":"binary-expr","locations":[{"start":{"line":146,"column":14},"end":{"line":146,"column":18}},{"start":{"line":146,"column":22},"end":{"line":146,"column":48}},{"start":{"line":146,"column":52},"end":{"line":146,"column":88}}],"line":146},"29":{"loc":{"start":{"line":151,"column":8},"end":{"line":158,"column":9}},"type":"if","locations":[{"start":{"line":151,"column":8},"end":{"line":158,"column":9}},{"start":{},"end":{}}],"line":151},"30":{"loc":{"start":{"line":153,"column":12},"end":{"line":156,"column":13}},"type":"if","locations":[{"start":{"line":153,"column":12},"end":{"line":156,"column":13}},{"start":{},"end":{}}],"line":153},"31":{"loc":{"start":{"line":153,"column":16},"end":{"line":153,"column":60}},"type":"binary-expr","locations":[{"start":{"line":153,"column":16},"end":{"line":153,"column":36}},{"start":{"line":153,"column":40},"end":{"line":153,"column":60}}],"line":153},"32":{"loc":{"start":{"line":162,"column":8},"end":{"line":168,"column":9}},"type":"if","locations":[{"start":{"line":162,"column":8},"end":{"line":168,"column":9}},{"start":{},"end":{}}],"line":162},"33":{"loc":{"start":{"line":162,"column":12},"end":{"line":162,"column":53}},"type":"binary-expr","locations":[{"start":{"line":162,"column":12},"end":{"line":162,"column":36}},{"start":{"line":162,"column":40},"end":{"line":162,"column":53}}],"line":162},"34":{"loc":{"start":{"line":171,"column":6},"end":{"line":183,"column":7}},"type":"if","locations":[{"start":{"line":171,"column":6},"end":{"line":183,"column":7}},{"start":{},"end":{}}],"line":171},"35":{"loc":{"start":{"line":171,"column":10},"end":{"line":171,"column":60}},"type":"binary-expr","locations":[{"start":{"line":171,"column":10},"end":{"line":171,"column":27}},{"start":{"line":171,"column":31},"end":{"line":171,"column":60}}],"line":171},"36":{"loc":{"start":{"line":175,"column":10},"end":{"line":178,"column":11}},"type":"if","locations":[{"start":{"line":175,"column":10},"end":{"line":178,"column":11}},{"start":{},"end":{}}],"line":175},"37":{"loc":{"start":{"line":175,"column":14},"end":{"line":175,"column":62}},"type":"binary-expr","locations":[{"start":{"line":175,"column":14},"end":{"line":175,"column":34}},{"start":{"line":175,"column":38},"end":{"line":175,"column":62}}],"line":175},"38":{"loc":{"start":{"line":180,"column":8},"end":{"line":182,"column":9}},"type":"if","locations":[{"start":{"line":180,"column":8},"end":{"line":182,"column":9}},{"start":{},"end":{}}],"line":180},"39":{"loc":{"start":{"line":185,"column":6},"end":{"line":191,"column":7}},"type":"if","locations":[{"start":{"line":185,"column":6},"end":{"line":191,"column":7}},{"start":{},"end":{}}],"line":185},"40":{"loc":{"start":{"line":185,"column":10},"end":{"line":185,"column":78}},"type":"binary-expr","locations":[{"start":{"line":185,"column":10},"end":{"line":185,"column":27}},{"start":{"line":185,"column":31},"end":{"line":185,"column":78}}],"line":185},"41":{"loc":{"start":{"line":193,"column":6},"end":{"line":195,"column":7}},"type":"if","locations":[{"start":{"line":193,"column":6},"end":{"line":195,"column":7}},{"start":{},"end":{}}],"line":193},"42":{"loc":{"start":{"line":200,"column":6},"end":{"line":202,"column":7}},"type":"if","locations":[{"start":{"line":200,"column":6},"end":{"line":202,"column":7}},{"start":{},"end":{}}],"line":200}},"s":{"0":0,"1":0,"2":0,"3":0,"4":0,"5":0,"6":0,"7":0,"8":0,"9":0,"10":0,"11":0,"12":0,"13":0,"14":0,"15":0,"16":0,"17":0,"18":0,"19":0,"20":0,"21":0,"22":0,"23":0,"24":0,"25":0,"26":0,"27":0,"28":0,"29":0,"30":0,"31":0,"32":0,"33":0,"34":0,"35":0,"36":0,"37":0,"38":0,"39":0,"40":0,"41":0,"42":0,"43":0,"44":0,"45":0,"46":0,"47":0,"48":0,"49":0,"50":0,"51":0,"52":0,"53":0,"54":0,"55":0,"56":0,"57":0,"58":0,"59":0,"60":0,"61":0,"62":0,"63":0,"64":0,"65":0,"66":0,"67":0,"68":0,"69":0,"70":0,"71":0,"72":0,"73":0,"74":0,"75":0,"76":0,"77":0,"78":0,"79":0,"80":0,"81":0,"82":0,"83":0,"84":0,"85":0,"86":0,"87":0,"88":0,"89":0,"90":0,"91":0,"92":0,"93":0,"94":0,"95":0,"96":0,"97":0,"98":0,"99":0,"100":0,"101":0,"102":0,"103":0,"104":0,"105":0},"f":{"0":0,"1":0,"2":0,"3":0,"4":0,"5":0,"6":0},"b":{"0":[0],"1":[0,0],"2":[0,0],"3":[0,0],"4":[0,0],"5":[0,0],"6":[0,0,0,0,0],"7":[0,0],"8":[0,0],"9":[0,0],"10":[0,0],"11":[0,0],"12":[0,0],"13":[0,0],"14":[0,0],"15":[0,0],"16":[0,0],"17":[0,0],"18":[0,0],"19":[0,0],"20":[0,0],"21":[0,0],"22":[0,0],"23":[0,0],"24":[0,0,0],"25":[0,0],"26":[0,0],"27":[0,0],"28":[0,0,0],"29":[0,0],"30":[0,0],"31":[0,0],"32":[0,0],"33":[0,0],"34":[0,0],"35":[0,0],"36":[0,0],"37":[0,0],"38":[0,0],"39":[0,0],"40":[0,0],"41":[0,0],"42":[0,0]}}
,"E:\\XIANGMU\\pokemmo\\pokemmo myself\\poke-proxy-server\\domain\\battles\\BattleManager.js": {"path":"E:\\XIANGMU\\pokemmo\\pokemmo myself\\poke-proxy-server\\domain\\battles\\BattleManager.js","statementMap":{"0":{"start":{"line":21,"column":21},"end":{"line":21,"column":61}},"1":{"start":{"line":22,"column":15},"end":{"line":22,"column":44}},"2":{"start":{"line":34,"column":4},"end":{"line":34,"column":21}},"3":{"start":{"line":35,"column":4},"end":{"line":35,"column":27}},"4":{"start":{"line":36,"column":4},"end":{"line":36,"column":23}},"5":{"start":{"line":37,"column":4},"end":{"line":37,"column":23}},"6":{"start":{"line":38,"column":4},"end":{"line":38,"column":26}},"7":{"start":{"line":39,"column":4},"end":{"line":39,"column":23}},"8":{"start":{"line":42,"column":4},"end":{"line":42,"column":27}},"9":{"start":{"line":43,"column":4},"end":{"line":43,"column":32}},"10":{"start":{"line":46,"column":4},"end":{"line":46,"column":29}},"11":{"start":{"line":53,"column":22},"end":{"line":53,"column":49}},"12":{"start":{"line":54,"column":16},"end":{"line":59,"column":5}},"13":{"start":{"line":60,"column":4},"end":{"line":60,"column":32}},"14":{"start":{"line":63,"column":25},"end":{"line":63,"column":94}},"15":{"start":{"line":64,"column":27},"end":{"line":64,"column":82}},"16":{"start":{"line":64,"column":54},"end":{"line":64,"column":81}},"17":{"start":{"line":66,"column":4},"end":{"line":69,"column":5}},"18":{"start":{"line":67,"column":27},"end":{"line":67,"column":95}},"19":{"start":{"line":67,"column":54},"end":{"line":67,"column":81}},"20":{"start":{"line":68,"column":6},"end":{"line":68,"column":103}},"21":{"start":{"line":76,"column":20},"end":{"line":76,"column":47}},"22":{"start":{"line":77,"column":4},"end":{"line":77,"column":83}},"23":{"start":{"line":78,"column":4},"end":{"line":78,"column":71}},"24":{"start":{"line":80,"column":24},"end":{"line":80,"column":26}},"25":{"start":{"line":81,"column":4},"end":{"line":83,"column":7}},"26":{"start":{"line":82,"column":6},"end":{"line":82,"column":65}},"27":{"start":{"line":84,"column":4},"end":{"line":84,"column":56}},"28":{"start":{"line":87,"column":25},"end":{"line":87,"column":78}},"29":{"start":{"line":88,"column":4},"end":{"line":91,"column":7}},"30":{"start":{"line":89,"column":26},"end":{"line":89,"column":88}},"31":{"start":{"line":89,"column":56},"end":{"line":89,"column":87}},"32":{"start":{"line":90,"column":6},"end":{"line":90,"column":76}},"33":{"start":{"line":94,"column":4},"end":{"line":94,"column":46}},"34":{"start":{"line":95,"column":4},"end":{"line":98,"column":7}},"35":{"start":{"line":96,"column":20},"end":{"line":96,"column":65}},"36":{"start":{"line":97,"column":6},"end":{"line":97,"column":84}},"37":{"start":{"line":100,"column":4},"end":{"line":100,"column":84}},"38":{"start":{"line":120,"column":4},"end":{"line":120,"column":42}},"39":{"start":{"line":123,"column":28},"end":{"line":123,"column":86}},"40":{"start":{"line":124,"column":25},"end":{"line":124,"column":61}},"41":{"start":{"line":125,"column":20},"end":{"line":125,"column":66}},"42":{"start":{"line":126,"column":18},"end":{"line":126,"column":44}},"43":{"start":{"line":129,"column":28},"end":{"line":129,"column":61}},"44":{"start":{"line":130,"column":4},"end":{"line":142,"column":6}},"45":{"start":{"line":131,"column":6},"end":{"line":131,"column":84}},"46":{"start":{"line":132,"column":6},"end":{"line":132,"column":75}},"47":{"start":{"line":133,"column":6},"end":{"line":133,"column":66}},"48":{"start":{"line":136,"column":26},"end":{"line":136,"column":59}},"49":{"start":{"line":137,"column":6},"end":{"line":137,"column":83}},"50":{"start":{"line":138,"column":6},"end":{"line":138,"column":74}},"51":{"start":{"line":139,"column":21},"end":{"line":139,"column":42}},"52":{"start":{"line":140,"column":6},"end":{"line":140,"column":65}},"53":{"start":{"line":141,"column":6},"end":{"line":141,"column":20}},"54":{"start":{"line":144,"column":28},"end":{"line":144,"column":61}},"55":{"start":{"line":145,"column":4},"end":{"line":155,"column":6}},"56":{"start":{"line":146,"column":6},"end":{"line":146,"column":84}},"57":{"start":{"line":147,"column":6},"end":{"line":147,"column":75}},"58":{"start":{"line":148,"column":6},"end":{"line":148,"column":66}},"59":{"start":{"line":149,"column":26},"end":{"line":149,"column":59}},"60":{"start":{"line":150,"column":6},"end":{"line":150,"column":83}},"61":{"start":{"line":151,"column":6},"end":{"line":151,"column":74}},"62":{"start":{"line":152,"column":21},"end":{"line":152,"column":42}},"63":{"start":{"line":153,"column":6},"end":{"line":153,"column":65}},"64":{"start":{"line":154,"column":6},"end":{"line":154,"column":20}},"65":{"start":{"line":158,"column":31},"end":{"line":158,"column":74}},"66":{"start":{"line":159,"column":4},"end":{"line":183,"column":6}},"67":{"start":{"line":160,"column":6},"end":{"line":160,"column":74}},"68":{"start":{"line":161,"column":6},"end":{"line":161,"column":66}},"69":{"start":{"line":162,"column":6},"end":{"line":162,"column":60}},"70":{"start":{"line":163,"column":20},"end":{"line":163,"column":37}},"71":{"start":{"line":164,"column":6},"end":{"line":164,"column":57}},"72":{"start":{"line":165,"column":6},"end":{"line":181,"column":9}},"73":{"start":{"line":166,"column":8},"end":{"line":166,"column":74}},"74":{"start":{"line":167,"column":8},"end":{"line":180,"column":9}},"75":{"start":{"line":168,"column":29},"end":{"line":168,"column":42}},"76":{"start":{"line":169,"column":10},"end":{"line":169,"column":91}},"77":{"start":{"line":171,"column":29},"end":{"line":171,"column":52}},"78":{"start":{"line":172,"column":10},"end":{"line":179,"column":11}},"79":{"start":{"line":173,"column":25},"end":{"line":173,"column":56}},"80":{"start":{"line":174,"column":28},"end":{"line":174,"column":60}},"81":{"start":{"line":175,"column":12},"end":{"line":175,"column":83}},"82":{"start":{"line":176,"column":12},"end":{"line":176,"column":89}},"83":{"start":{"line":178,"column":12},"end":{"line":178,"column":102}},"84":{"start":{"line":182,"column":6},"end":{"line":182,"column":39}},"85":{"start":{"line":185,"column":4},"end":{"line":190,"column":6}},"86":{"start":{"line":193,"column":32},"end":{"line":193,"column":73}},"87":{"start":{"line":194,"column":28},"end":{"line":194,"column":65}},"88":{"start":{"line":196,"column":4},"end":{"line":196,"column":59}},"89":{"start":{"line":198,"column":4},"end":{"line":205,"column":5}},"90":{"start":{"line":200,"column":25},"end":{"line":200,"column":53}},"91":{"start":{"line":201,"column":6},"end":{"line":201,"column":63}},"92":{"start":{"line":202,"column":6},"end":{"line":202,"column":69}},"93":{"start":{"line":204,"column":6},"end":{"line":204,"column":61}},"94":{"start":{"line":208,"column":27},"end":{"line":208,"column":63}},"95":{"start":{"line":209,"column":4},"end":{"line":209,"column":43}},"96":{"start":{"line":215,"column":4},"end":{"line":215,"column":44}},"97":{"start":{"line":216,"column":4},"end":{"line":216,"column":59}},"98":{"start":{"line":217,"column":4},"end":{"line":219,"column":7}},"99":{"start":{"line":218,"column":6},"end":{"line":218,"column":128}},"100":{"start":{"line":220,"column":4},"end":{"line":220,"column":59}},"101":{"start":{"line":221,"column":4},"end":{"line":223,"column":7}},"102":{"start":{"line":222,"column":6},"end":{"line":222,"column":128}},"103":{"start":{"line":225,"column":19},"end":{"line":225,"column":36}},"104":{"start":{"line":226,"column":19},"end":{"line":226,"column":36}},"105":{"start":{"line":229,"column":23},"end":{"line":229,"column":43}},"106":{"start":{"line":230,"column":23},"end":{"line":230,"column":43}},"107":{"start":{"line":231,"column":4},"end":{"line":231,"column":42}},"108":{"start":{"line":232,"column":4},"end":{"line":234,"column":7}},"109":{"start":{"line":233,"column":6},"end":{"line":233,"column":133}},"110":{"start":{"line":235,"column":4},"end":{"line":237,"column":7}},"111":{"start":{"line":236,"column":6},"end":{"line":236,"column":133}},"112":{"start":{"line":241,"column":4},"end":{"line":243,"column":92}},"113":{"start":{"line":245,"column":4},"end":{"line":245,"column":57}},"114":{"start":{"line":246,"column":4},"end":{"line":246,"column":82}},"115":{"start":{"line":249,"column":4},"end":{"line":249,"column":55}},"116":{"start":{"line":250,"column":4},"end":{"line":250,"column":35}},"117":{"start":{"line":251,"column":4},"end":{"line":251,"column":33}},"118":{"start":{"line":256,"column":4},"end":{"line":256,"column":16}},"119":{"start":{"line":264,"column":4},"end":{"line":264,"column":75}},"120":{"start":{"line":267,"column":4},"end":{"line":270,"column":5}},"121":{"start":{"line":268,"column":6},"end":{"line":268,"column":60}},"122":{"start":{"line":269,"column":6},"end":{"line":269,"column":13}},"123":{"start":{"line":271,"column":4},"end":{"line":271,"column":43}},"124":{"start":{"line":275,"column":4},"end":{"line":275,"column":38}},"125":{"start":{"line":277,"column":4},"end":{"line":504,"column":9}},"126":{"start":{"line":278,"column":6},"end":{"line":503,"column":7}},"127":{"start":{"line":279,"column":8},"end":{"line":279,"column":57}},"128":{"start":{"line":280,"column":25},"end":{"line":280,"column":26}},"129":{"start":{"line":282,"column":8},"end":{"line":498,"column":9}},"130":{"start":{"line":283,"column":10},"end":{"line":283,"column":23}},"131":{"start":{"line":284,"column":27},"end":{"line":284,"column":43}},"132":{"start":{"line":285,"column":10},"end":{"line":285,"column":119}},"133":{"start":{"line":286,"column":10},"end":{"line":286,"column":88}},"134":{"start":{"line":287,"column":10},"end":{"line":287,"column":74}},"135":{"start":{"line":290,"column":10},"end":{"line":290,"column":104}},"136":{"start":{"line":293,"column":10},"end":{"line":293,"column":45}},"137":{"start":{"line":294,"column":10},"end":{"line":294,"column":87}},"138":{"start":{"line":298,"column":10},"end":{"line":308,"column":11}},"139":{"start":{"line":299,"column":12},"end":{"line":299,"column":102}},"140":{"start":{"line":300,"column":12},"end":{"line":300,"column":90}},"141":{"start":{"line":301,"column":12},"end":{"line":301,"column":164}},"142":{"start":{"line":304,"column":12},"end":{"line":307,"column":13}},"143":{"start":{"line":305,"column":14},"end":{"line":305,"column":88}},"144":{"start":{"line":306,"column":14},"end":{"line":306,"column":86}},"145":{"start":{"line":311,"column":29},"end":{"line":311,"column":59}},"146":{"start":{"line":312,"column":33},"end":{"line":312,"column":67}},"147":{"start":{"line":313,"column":27},"end":{"line":313,"column":55}},"148":{"start":{"line":316,"column":24},"end":{"line":316,"column":72}},"149":{"start":{"line":316,"column":60},"end":{"line":316,"column":71}},"150":{"start":{"line":319,"column":10},"end":{"line":321,"column":11}},"151":{"start":{"line":320,"column":12},"end":{"line":320,"column":143}},"152":{"start":{"line":324,"column":10},"end":{"line":393,"column":11}},"153":{"start":{"line":325,"column":12},"end":{"line":325,"column":87}},"154":{"start":{"line":327,"column":12},"end":{"line":327,"column":44}},"155":{"start":{"line":330,"column":12},"end":{"line":334,"column":13}},"156":{"start":{"line":331,"column":30},"end":{"line":331,"column":64}},"157":{"start":{"line":332,"column":14},"end":{"line":332,"column":90}},"158":{"start":{"line":333,"column":14},"end":{"line":333,"column":43}},"159":{"start":{"line":337,"column":33},"end":{"line":337,"column":62}},"160":{"start":{"line":338,"column":12},"end":{"line":338,"column":73}},"161":{"start":{"line":339,"column":12},"end":{"line":339,"column":130}},"162":{"start":{"line":342,"column":32},"end":{"line":342,"column":80}},"163":{"start":{"line":342,"column":51},"end":{"line":342,"column":79}},"164":{"start":{"line":343,"column":12},"end":{"line":356,"column":13}},"165":{"start":{"line":344,"column":14},"end":{"line":344,"column":94}},"166":{"start":{"line":345,"column":14},"end":{"line":355,"column":15}},"167":{"start":{"line":346,"column":28},"end":{"line":346,"column":77}},"168":{"start":{"line":347,"column":16},"end":{"line":347,"column":100}},"169":{"start":{"line":348,"column":16},"end":{"line":351,"column":17}},"170":{"start":{"line":349,"column":18},"end":{"line":349,"column":81}},"171":{"start":{"line":350,"column":18},"end":{"line":350,"column":89}},"172":{"start":{"line":353,"column":16},"end":{"line":353,"column":66}},"173":{"start":{"line":354,"column":16},"end":{"line":354,"column":95}},"174":{"start":{"line":359,"column":12},"end":{"line":379,"column":13}},"175":{"start":{"line":360,"column":14},"end":{"line":360,"column":67}},"176":{"start":{"line":361,"column":14},"end":{"line":361,"column":81}},"177":{"start":{"line":362,"column":14},"end":{"line":362,"column":56}},"178":{"start":{"line":363,"column":14},"end":{"line":363,"column":81}},"179":{"start":{"line":364,"column":14},"end":{"line":364,"column":64}},"180":{"start":{"line":365,"column":14},"end":{"line":365,"column":60}},"181":{"start":{"line":366,"column":14},"end":{"line":366,"column":77}},"182":{"start":{"line":367,"column":14},"end":{"line":367,"column":76}},"183":{"start":{"line":368,"column":14},"end":{"line":368,"column":88}},"184":{"start":{"line":369,"column":14},"end":{"line":369,"column":80}},"185":{"start":{"line":370,"column":14},"end":{"line":370,"column":83}},"186":{"start":{"line":373,"column":38},"end":{"line":373,"column":74}},"187":{"start":{"line":374,"column":14},"end":{"line":378,"column":15}},"188":{"start":{"line":375,"column":16},"end":{"line":375,"column":80}},"189":{"start":{"line":377,"column":16},"end":{"line":377,"column":91}},"190":{"start":{"line":382,"column":30},"end":{"line":382,"column":77}},"191":{"start":{"line":382,"column":51},"end":{"line":382,"column":76}},"192":{"start":{"line":383,"column":30},"end":{"line":383,"column":46}},"193":{"start":{"line":384,"column":12},"end":{"line":392,"column":13}},"194":{"start":{"line":385,"column":14},"end":{"line":385,"column":71}},"195":{"start":{"line":386,"column":14},"end":{"line":391,"column":15}},"196":{"start":{"line":387,"column":16},"end":{"line":387,"column":95}},"197":{"start":{"line":388,"column":16},"end":{"line":388,"column":111}},"198":{"start":{"line":388,"column":89},"end":{"line":388,"column":108}},"199":{"start":{"line":390,"column":16},"end":{"line":390,"column":76}},"200":{"start":{"line":395,"column":10},"end":{"line":397,"column":11}},"201":{"start":{"line":396,"column":12},"end":{"line":396,"column":66}},"202":{"start":{"line":399,"column":10},"end":{"line":401,"column":11}},"203":{"start":{"line":400,"column":12},"end":{"line":400,"column":61}},"204":{"start":{"line":404,"column":34},"end":{"line":404,"column":70}},"205":{"start":{"line":406,"column":10},"end":{"line":483,"column":11}},"206":{"start":{"line":408,"column":12},"end":{"line":410,"column":13}},"207":{"start":{"line":409,"column":14},"end":{"line":409,"column":39}},"208":{"start":{"line":411,"column":12},"end":{"line":411,"column":47}},"209":{"start":{"line":413,"column":12},"end":{"line":415,"column":13}},"210":{"start":{"line":414,"column":14},"end":{"line":414,"column":97}},"211":{"start":{"line":418,"column":12},"end":{"line":436,"column":13}},"212":{"start":{"line":419,"column":34},"end":{"li
[...]
,"E:\\XIANGMU\\pokemmo\\pokemmo myself\\poke-proxy-server\\domain\\rooms\\Room.js": {"path":"E:\\XIANGMU\\pokemmo\\pokemmo myself\\poke-proxy-server\\domain\\rooms\\Room.js","statementMap":{"0":{"start":{"line":1,"column":18},"end":{"line":1,"column":31}},"1":{"start":{"line":14,"column":4},"end":{"line":14,"column":25}},"2":{"start":{"line":15,"column":4},"end":{"line":15,"column":27}},"3":{"start":{"line":16,"column":4},"end":{"line":16,"column":22}},"4":{"start":{"line":17,"column":4},"end":{"line":17,"column":20}},"5":{"start":{"line":18,"column":4},"end":{"line":18,"column":28}},"6":{"start":{"line":19,"column":4},"end":{"line":19,"column":30}},"7":{"start":{"line":20,"column":4},"end":{"line":20,"column":32}},"8":{"start":{"line":21,"column":4},"end":{"line":21,"column":24}},"9":{"start":{"line":25,"column":4},"end":{"line":27,"column":5}},"10":{"start":{"line":26,"column":6},"end":{"line":26,"column":19}},"11":{"start":{"line":28,"column":4},"end":{"line":28,"column":28}},"12":{"start":{"line":29,"column":4},"end":{"line":29,"column":20}},"13":{"start":{"line":30,"column":4},"end":{"line":30,"column":29}},"14":{"start":{"line":31,"column":4},"end":{"line":31,"column":16}},"15":{"start":{"line":35,"column":4},"end":{"line":37,"column":5}},"16":{"start":{"line":36,"column":6},"end":{"line":36,"column":32}},"17":{"start":{"line":41,"column":4},"end":{"line":41,"column":28}},"18":{"start":{"line":45,"column":4},"end":{"line":47,"column":62}},"19":{"start":{"line":51,"column":4},"end":{"line":64,"column":6}},"20":{"start":{"line":68,"column":19},"end":{"line":68,"column":42}},"21":{"start":{"line":69,"column":18},"end":{"line":69,"column":30}},"22":{"start":{"line":70,"column":4},"end":{"line":79,"column":7}},"23":{"start":{"line":71,"column":17},"end":{"line":71,"column":35}},"24":{"start":{"line":72,"column":6},"end":{"line":78,"column":7}},"25":{"start":{"line":73,"column":8},"end":{"line":77,"column":9}},"26":{"start":{"line":74,"column":10},"end":{"line":74,"column":26}},"27":{"start":{"line":76,"column":10},"end":{"line":76,"column":55}},"28":{"start":{"line":83,"column":4},"end":{"line":85,"column":5}},"29":{"start":{"line":84,"column":6},"end":{"line":84,"column":33}},"30":{"start":{"line":86,"column":4},"end":{"line":88,"column":5}},"31":{"start":{"line":87,"column":6},"end":{"line":87,"column":32}},"32":{"start":{"line":92,"column":0},"end":{"line":92,"column":22}}},"fnMap":{"0":{"name":"(anonymous_0)","decl":{"start":{"line":13,"column":2},"end":{"line":13,"column":3}},"loc":{"start":{"line":13,"column":31},"end":{"line":22,"column":3}},"line":13},"1":{"name":"(anonymous_1)","decl":{"start":{"line":24,"column":2},"end":{"line":24,"column":3}},"loc":{"start":{"line":24,"column":22},"end":{"line":32,"column":3}},"line":24},"2":{"name":"(anonymous_2)","decl":{"start":{"line":34,"column":2},"end":{"line":34,"column":3}},"loc":{"start":{"line":34,"column":21},"end":{"line":38,"column":3}},"line":34},"3":{"name":"(anonymous_3)","decl":{"start":{"line":40,"column":2},"end":{"line":40,"column":3}},"loc":{"start":{"line":40,"column":22},"end":{"line":42,"column":3}},"line":40},"4":{"name":"(anonymous_4)","decl":{"start":{"line":44,"column":2},"end":{"line":44,"column":3}},"loc":{"start":{"line":44,"column":12},"end":{"line":48,"column":3}},"line":44},"5":{"name":"(anonymous_5)","decl":{"start":{"line":50,"column":2},"end":{"line":50,"column":3}},"loc":{"start":{"line":50,"column":14},"end":{"line":65,"column":3}},"line":50},"6":{"name":"(anonymous_6)","decl":{"start":{"line":67,"column":2},"end":{"line":67,"column":3}},"loc":{"start":{"line":67,"column":21},"end":{"line":80,"column":3}},"line":67},"7":{"name":"(anonymous_7)","decl":{"start":{"line":70,"column":18},"end":{"line":70,"column":19}},"loc":{"start":{"line":70,"column":28},"end":{"line":79,"column":5}},"line":70},"8":{"name":"(anonymous_8)","decl":{"start":{"line":82,"column":2},"end":{"line":82,"column":3}},"loc":{"start":{"line":82,"column":12},"end":{"line":89,"column":3}},"line":82}},"branchMap":{"0":{"loc":{"start":{"line":25,"column":4},"end":{"line":27,"column":5}},"type":"if","locations":[{"start":{"line":25,"column":4},"end":{"line":27,"column":5}},{"start":{},"end":{}}],"line":25},"1":{"loc":{"start":{"line":35,"column":4},"end":{"line":37,"column":5}},"type":"if","locations":[{"start":{"line":35,"column":4},"end":{"line":37,"column":5}},{"start":{},"end":{}}],"line":35},"2":{"loc":{"start":{"line":45,"column":14},"end":{"line":47,"column":60}},"type":"binary-expr","locations":[{"start":{"line":45,"column":14},"end":{"line":45,"column":29}},{"start":{"line":45,"column":33},"end":{"line":45,"column":48}},{"start":{"line":46,"column":6},"end":{"line":46,"column":19}},{"start":{"line":46,"column":23},"end":{"line":46,"column":36}},{"start":{"line":47,"column":7},"end":{"line":47,"column":32}},{"start":{"line":47,"column":36},"end":{"line":47,"column":59}}],"line":45},"3":{"loc":{"start":{"line":72,"column":6},"end":{"line":78,"column":7}},"type":"if","locations":[{"start":{"line":72,"column":6},"end":{"line":78,"column":7}},{"start":{},"end":{}}],"line":72},"4":{"loc":{"start":{"line":72,"column":10},"end":{"line":72,"column":48}},"type":"binary-expr","locations":[{"start":{"line":72,"column":10},"end":{"line":72,"column":12}},{"start":{"line":72,"column":16},"end":{"line":72,"column":48}}],"line":72},"5":{"loc":{"start":{"line":83,"column":4},"end":{"line":85,"column":5}},"type":"if","locations":[{"start":{"line":83,"column":4},"end":{"line":85,"column":5}},{"start":{},"end":{}}],"line":83},"6":{"loc":{"start":{"line":86,"column":4},"end":{"line":88,"column":5}},"type":"if","locations":[{"start":{"line":86,"column":4},"end":{"line":88,"column":5}},{"start":{},"end":{}}],"line":86}},"s":{"0":2,"1":28,"2":28,"3":28,"4":28,"5":28,"6":28,"7":28,"8":28,"9":24,"10":1,"11":23,"12":23,"13":23,"14":23,"15":2,"16":1,"17":6,"18":3,"19":1,"20":6,"21":6,"22":6,"23":12,"24":12,"25":3,"26":3,"27":0,"28":5,"29":5,"30":5,"31":0,"32":2},"f":{"0":28,"1":24,"2":2,"3":6,"4":3,"5":1,"6":6,"7":12,"8":5},"b":{"0":[1,23],"1":[1,1],"2":[3,3,2,1,1,0],"3":[3,9],"4":[12,4],"5":[5,0],"6":[0,5]},"_coverageSchema":"1a1c01bbd47fc00a2c39e90264f33305004495a9","hash":"82da390d56d13c7c6772b03bf49a3b1fce513f9d"}
,"E:\\XIANGMU\\pokemmo\\pokemmo myself\\poke-proxy-server\\domain\\rooms\\RoomManager.js": {"path":"E:\\XIANGMU\\pokemmo\\pokemmo myself\\poke-proxy-server\\domain\\rooms\\RoomManager.js","statementMap":{"0":{"start":{"line":1,"column":13},"end":{"line":1,"column":30}},"1":{"start":{"line":2,"column":21},"end":{"line":2,"column":61}},"2":{"start":{"line":3,"column":15},"end":{"line":3,"column":42}},"3":{"start":{"line":7,"column":4},"end":{"line":7,"column":27}},"4":{"start":{"line":8,"column":4},"end":{"line":10,"column":14}},"5":{"start":{"line":9,"column":6},"end":{"line":9,"column":21}},"6":{"start":{"line":14,"column":18},"end":{"line":14,"column":56}},"7":{"start":{"line":15,"column":17},"end":{"line":15,"column":19}},"8":{"start":{"line":16,"column":4},"end":{"line":18,"column":5}},"9":{"start":{"line":16,"column":17},"end":{"line":16,"column":18}},"10":{"start":{"line":17,"column":6},"end":{"line":17,"column":71}},"11":{"start":{"line":19,"column":4},"end":{"line":19,"column":18}},"12":{"start":{"line":23,"column":19},"end":{"line":23,"column":40}},"13":{"start":{"line":24,"column":17},"end":{"line":24,"column":37}},"14":{"start":{"line":25,"column":4},"end":{"line":27,"column":23}},"15":{"start":{"line":26,"column":6},"end":{"line":26,"column":30}},"16":{"start":{"line":28,"column":4},"end":{"line":28,"column":33}},"17":{"start":{"line":29,"column":4},"end":{"line":29,"column":35}},"18":{"start":{"line":30,"column":4},"end":{"line":30,"column":16}},"19":{"start":{"line":34,"column":17},"end":{"line":34,"column":39}},"20":{"start":{"line":35,"column":4},"end":{"line":38,"column":5}},"21":{"start":{"line":36,"column":6},"end":{"line":36,"column":38}},"22":{"start":{"line":37,"column":6},"end":{"line":37,"column":18}},"23":{"start":{"line":39,"column":4},"end":{"line":42,"column":5}},"24":{"start":{"line":40,"column":6},"end":{"line":40,"column":51}},"25":{"start":{"line":41,"column":6},"end":{"line":41,"column":18}},"26":{"start":{"line":44,"column":4},"end":{"line":47,"column":5}},"27":{"start":{"line":45,"column":6},"end":{"line":45,"column":37}},"28":{"start":{"line":46,"column":6},"end":{"line":46,"column":18}},"29":{"start":{"line":48,"column":15},"end":{"line":48,"column":19}},"30":{"start":{"line":49,"column":4},"end":{"line":57,"column":5}},"31":{"start":{"line":50,"column":6},"end":{"line":50,"column":18}},"32":{"start":{"line":51,"column":11},"end":{"line":57,"column":5}},"33":{"start":{"line":52,"column":6},"end":{"line":52,"column":18}},"34":{"start":{"line":55,"column":6},"end":{"line":55,"column":37}},"35":{"start":{"line":56,"column":6},"end":{"line":56,"column":18}},"36":{"start":{"line":58,"column":4},"end":{"line":62,"column":5}},"37":{"start":{"line":59,"column":6},"end":{"line":59,"column":51}},"38":{"start":{"line":59,"column":24},"end":{"line":59,"column":51}},"39":{"start":{"line":60,"column":6},"end":{"line":60,"column":54}},"40":{"start":{"line":61,"column":6},"end":{"line":61,"column":18}},"41":{"start":{"line":63,"column":4},"end":{"line":63,"column":16}},"42":{"start":{"line":67,"column":4},"end":{"line":76,"column":5}},"43":{"start":{"line":69,"column":6},"end":{"line":71,"column":7}},"44":{"start":{"line":70,"column":8},"end":{"line":70,"column":20}},"45":{"start":{"line":73,"column":6},"end":{"line":75,"column":7}},"46":{"start":{"line":74,"column":8},"end":{"line":74,"column":20}},"47":{"start":{"line":77,"column":4},"end":{"line":77,"column":16}},"48":{"start":{"line":81,"column":4},"end":{"line":81,"column":34}},"49":{"start":{"line":85,"column":17},"end":{"line":85,"column":39}},"50":{"start":{"line":86,"column":4},"end":{"line":94,"column":5}},"51":{"start":{"line":87,"column":6},"end":{"line":90,"column":9}},"52":{"start":{"line":91,"column":6},"end":{"line":91,"column":21}},"53":{"start":{"line":92,"column":6},"end":{"line":92,"column":32}},"54":{"start":{"line":93,"column":6},"end":{"line":93,"column":37}},"55":{"start":{"line":98,"column":16},"end":{"line":98,"column":26}},"56":{"start":{"line":99,"column":4},"end":{"line":103,"column":5}},"57":{"start":{"line":100,"column":6},"end":{"line":102,"column":7}},"58":{"start":{"line":101,"column":8},"end":{"line":101,"column":32}},"59":{"start":{"line":107,"column":4},"end":{"line":109,"column":5}},"60":{"start":{"line":108,"column":6},"end":{"line":108,"column":53}},"61":{"start":{"line":110,"column":4},"end":{"line":117,"column":5}},"62":{"start":{"line":111,"column":6},"end":{"line":113,"column":7}},"63":{"start":{"line":112,"column":8},"end":{"line":112,"column":62}},"64":{"start":{"line":114,"column":6},"end":{"line":116,"column":7}},"65":{"start":{"line":115,"column":8},"end":{"line":115,"column":54}},"66":{"start":{"line":118,"column":4},"end":{"line":118,"column":27}},"67":{"start":{"line":122,"column":0},"end":{"line":122,"column":29}}},"fnMap":{"0":{"name":"(anonymous_0)","decl":{"start":{"line":6,"column":2},"end":{"line":6,"column":3}},"loc":{"start":{"line":6,"column":16},"end":{"line":11,"column":3}},"line":6},"1":{"name":"(anonymous_1)","decl":{"start":{"line":8,"column":39},"end":{"line":8,"column":40}},"loc":{"start":{"line":8,"column":45},"end":{"line":10,"column":5}},"line":8},"2":{"name":"(anonymous_2)","decl":{"start":{"line":13,"column":2},"end":{"line":13,"column":3}},"loc":{"start":{"line":13,"column":19},"end":{"line":20,"column":3}},"line":13},"3":{"name":"(anonymous_3)","decl":{"start":{"line":22,"column":2},"end":{"line":22,"column":3}},"loc":{"start":{"line":22,"column":17},"end":{"line":31,"column":3}},"line":22},"4":{"name":"(anonymous_4)","decl":{"start":{"line":25,"column":30},"end":{"line":25,"column":31}},"loc":{"start":{"line":25,"column":36},"end":{"line":27,"column":5}},"line":25},"5":{"name":"(anonymous_5)","decl":{"start":{"line":33,"column":2},"end":{"line":33,"column":3}},"loc":{"start":{"line":33,"column":23},"end":{"line":64,"column":3}},"line":33},"6":{"name":"(anonymous_6)","decl":{"start":{"line":66,"column":2},"end":{"line":66,"column":3}},"loc":{"start":{"line":66,"column":27},"end":{"line":78,"column":3}},"line":66},"7":{"name":"(anonymous_7)","decl":{"start":{"line":80,"column":2},"end":{"line":80,"column":3}},"loc":{"start":{"line":80,"column":18},"end":{"line":82,"column":3}},"line":80},"8":{"name":"(anonymous_8)","decl":{"start":{"line":84,"column":2},"end":{"line":84,"column":3}},"loc":{"start":{"line":84,"column":21},"end":{"line":95,"column":3}},"line":84},"9":{"name":"(anonymous_9)","decl":{"start":{"line":97,"column":2},"end":{"line":97,"column":3}},"loc":{"start":{"line":97,"column":12},"end":{"line":104,"column":3}},"line":97},"10":{"name":"(anonymous_10)","decl":{"start":{"line":106,"column":2},"end":{"line":106,"column":3}},"loc":{"start":{"line":106,"column":21},"end":{"line":119,"column":3}},"line":106}},"branchMap":{"0":{"loc":{"start":{"line":35,"column":4},"end":{"line":38,"column":5}},"type":"if","locations":[{"start":{"line":35,"column":4},"end":{"line":38,"column":5}},{"start":{},"end":{}}],"line":35},"1":{"loc":{"start":{"line":39,"column":4},"end":{"line":42,"column":5}},"type":"if","locations":[{"start":{"line":39,"column":4},"end":{"line":42,"column":5}},{"start":{},"end":{}}],"line":39},"2":{"loc":{"start":{"line":44,"column":4},"end":{"line":47,"column":5}},"type":"if","locations":[{"start":{"line":44,"column":4},"end":{"line":47,"column":5}},{"start":{},"end":{}}],"line":44},"3":{"loc":{"start":{"line":44,"column":8},"end":{"line":44,"column":42}},"type":"binary-expr","locations":[{"start":{"line":44,"column":8},"end":{"line":44,"column":23}},{"start":{"line":44,"column":27},"end":{"line":44,"column":42}}],"line":44},"4":{"loc":{"start":{"line":49,"column":4},"end":{"line":57,"column":5}},"type":"if","locations":[{"start":{"line":49,"column":4},"end":{"line":57,"column":5}},{"start":{"line":51,"column":11},"end":{"line":57,"column":5}}],"line":49},"5":{"loc":{"start":{"line":51,"column":11},"end":{"line":57,"column":5}},"type":"if","locations":[{"start":{"line":51,"column":11},"end":{"line":57,"column":5}},{"start":{"line":53,"column":11},"end":{"line":57,"column":5}}],"line":51},"6":{"loc":{"start":{"line":58,"column":4},"end":{"line":62,"column":5}},"type":"if","locations":[{"start":{"line":58,"column":4},"end":{"line":62,"column":5}},{"start":{},"end":{}}],"line":58},"7":{"loc":{"start":{"line":59,"column":6},"end":{"line":59,"column":51}},"type":"if","locations":[{"start":{"line":59,"column":6},"end":{"line":59,"column":51}},{"start":{},"end":{}}],"line":59},"8":{"loc":{"start":{"line":69,"column":6},"end":{"line":71,"column":7}},"type":"if","locations":[{"start":{"line":69,"column":6},"end":{"line":71,"column":7}},{"start":{},"end":{}}],"line":69},"9":{"loc":{"start":{"line":69,"column":10},"end":{"line":69,"column":58}},"type":"binary-expr","locations":[{"start":{"line":69,"column":10},"end":{"line":69,"column":32}},{"start":{"line":69,"column":36},"end":{"line":69,"column":58}}],"line":69},"10":{"loc":{"start":{"line":73,"column":6},"end":{"line":75,"column":7}},"type":"if","locations":[{"start":{"line":73,"column":6},"end":{"line":75,"column":7}},{"start":{},"end":{}}],"line":73},"11":{"loc":{"start":{"line":86,"column":4},"end":{"line":94,"column":5}},"type":"if","locations":[{"start":{"line":86,"column":4},"end":{"line":94,"column":5}},{"start":{},"end":{}}],"line":86},"12":{"loc":{"start":{"line":100,"column":6},"end":{"line":102,"column":7}},"type":"if","locations":[{"start":{"line":100,"column":6},"end":{"line":102,"column":7}},{"start":{},"end":{}}],"line":100},"13":{"loc":{"start":{"line":100,"column":10},"end":{"line":100,"column":76}},"type":"binary-expr","locations":[{"start":{"line":100,"column":10},"end":{"line":100,"column":35}},{"start":{"line":100,"column":39},"end":{"line":100,"column":76}}],"line":100},"14":{"loc":{"start":{"line":107,"column":4},"end":{"line":109,"column":5}},"type":"if","locations":[{"start":{"line":107,"column":4},"end":{"line":109,"column":5}},{"start":{},"end":{}}],"line":107},"15":{"loc":{"start":{"line":107,"column":8},"end":{"line":107,"column":68}},"type":"binary-expr","locations":[{"start":{"line":107,"column":8},"end":{"line":107,"column":28}},{"start":{"line":107,"column":32},"end":{"line":107,"column":49}},{"start":{"line":107,"column":53},"end":{"line":107,"column":68}}],"line":107},"16":{"loc":{"start":{"line":111,"column":6},"end":{"line":113,"column":7}},"type":"if","locations":[{"start":{"line":111,"column":6},"end":{"line":113,"column":7}},{"start":{},"end":{}}],"line":111},"17":{"loc":{"start":{"line":111,"column":10},"end":{"line":111,"column":43}},"type":"binary-expr","locations":[{"start":{"line":111,"column":10},"end":{"line":111,"column":26}},{"start":{"line":111,"column":30},"end":{"line":111,"column":43}}],"line":111},"18":{"loc":{"start":{"line":114,"column":6},"end":{"line":116,"column":7}},"type":"if","locations":[{"start":{"line":114,"column":6},"end":{"line":116,"column":7}},{"start":{},"end":{}}],"line":114},"19":{"loc":{"start":{"line":114,"column":10},"end":{"line":114,"column":51}},"type":"binary-expr","locations":[{"start":{"line":114,"column":10},"end":{"line":114,"column":23}},{"start":{"line":114,"column":27},"end":{"line":114,"column":51}}],"line":114}},"s":{"0":1,"1":1,"2":1,"3":23,"4":23,"5":0,"6":14,"7":14,"8":14,"9":14,"10":84,"11":14,"12":14,"13":14,"14":14,"15":1,"16":14,"17":14,"18":14,"19":8,"20":8,"21":1,"22":1,"23":7,"24":1,"25":1,"26":6,"27":0,"28":0,"29":6,"30":6,"31":4,"32":2,"33":2,"34":0,"35":0,"36":6,"37":6,"38":6,"39":6,"40":6,"41":0,"42":2,"43":1,"44":0,"45":1,"46":1,"47":1,"48":8,"49":5,"50":5,"51":4,"52":4,"53":4,"54":4,"55":2,"56":2,"57":2,"58":1,"59":5,"60":2,"61":3,"62":4,"63":1,"64":3,"65":1,"66":1,"67":1},"f":{"0":23,"1":0,"2":14,"3":14,"4":1,"5":8,"6":2,"7":8,"8":5,"9":2,"10":5},"b":{"0":[1,7],"1":[1,6],"2":[0,6],"3":[6,2],"4":[4,2],"5":[2,0],"6":[6,0],"7":[6,0],"8":[0,1],"9":[1,1],"10":[1,0],"11":[4,1],"12":[1,1],"13":[2,2],"14":[2,3],"15":[5,5,4],"16":[1,3],"17":[4,1],"18":[1,2],"19":[3,3]},"_coverageSchema":"1a1c01bbd47fc00a2c39e90264f33305004495a9","hash":"472d2bd92bfe5fbd734891b03b24e4ca59b2841d"}
}
