TN:
SF:adapters\logging\Logger.js
FN:28,(anonymous_0)
FN:57,(anonymous_1)
FN:91,(anonymous_2)
FN:108,(anonymous_3)
FN:138,(anonymous_4)
FN:147,(anonymous_5)
FN:156,(anonymous_6)
FN:166,(anonymous_7)
FN:181,createLogger
FNF:9
FNH:7
FNDA:2,(anonymous_0)
FNDA:56,(anonymous_1)
FNDA:56,(anonymous_2)
FNDA:56,(anonymous_3)
FNDA:0,(anonymous_4)
FNDA:54,(anonymous_5)
FNDA:2,(anonymous_6)
FNDA:0,(anonymous_7)
FNDA:2,createLogger
DA:29,2
DA:30,2
DA:40,2
DA:47,2
DA:58,56
DA:59,56
DA:61,56
DA:62,0
DA:69,0
DA:73,56
DA:74,56
DA:75,0
DA:76,0
DA:77,0
DA:78,0
DA:80,0
DA:83,56
DA:92,56
DA:95,56
DA:96,0
DA:99,56
DA:109,56
DA:110,0
DA:113,56
DA:115,56
DA:117,0
DA:118,0
DA:120,54
DA:121,54
DA:123,2
DA:124,2
DA:126,0
DA:127,0
DA:129,0
DA:139,0
DA:148,54
DA:157,2
DA:167,0
DA:168,0
DA:170,0
DA:182,2
DA:186,2
DA:187,2
LF:43
LH:25
BRDA:28,0,0,0
BRDA:29,1,0,2
BRDA:29,1,1,0
BRDA:31,2,0,2
BRDA:31,2,1,2
BRDA:31,2,2,2
BRDA:32,3,0,2
BRDA:32,3,1,2
BRDA:33,4,0,0
BRDA:33,4,1,2
BRDA:47,5,0,2
BRDA:47,5,1,0
BRDA:57,6,0,0
BRDA:61,7,0,0
BRDA:61,7,1,56
BRDA:67,8,0,0
BRDA:67,8,1,0
BRDA:67,9,0,0
BRDA:67,9,1,0
BRDA:74,10,0,0
BRDA:74,10,1,56
BRDA:74,11,0,56
BRDA:74,11,1,0
BRDA:75,12,0,0
BRDA:75,12,1,0
BRDA:76,13,0,0
BRDA:76,13,1,0
BRDA:77,14,0,0
BRDA:77,14,1,0
BRDA:92,15,0,56
BRDA:92,15,1,0
BRDA:95,16,0,0
BRDA:95,16,1,56
BRDA:95,17,0,56
BRDA:95,17,1,0
BRDA:108,18,0,0
BRDA:109,19,0,0
BRDA:109,19,1,56
BRDA:115,20,0,0
BRDA:115,20,1,54
BRDA:115,20,2,2
BRDA:115,20,3,0
BRDA:115,20,4,0
BRDA:138,21,0,0
BRDA:147,22,0,54
BRDA:156,23,0,2
BRDA:166,24,0,0
BRDA:166,25,0,0
BRDA:167,26,0,0
BRDA:167,26,1,0
BRDA:170,27,0,0
BRDA:170,27,1,0
BRDA:181,28,0,2
BRF:53
BRH:20
end_of_record
TN:
SF:adapters\pokemon-showdown\ShowdownAdapter.js
FN:19,(anonymous_0)
FN:31,(anonymous_1)
FN:45,(anonymous_2)
FN:65,(anonymous_3)
FN:83,(anonymous_4)
FN:101,(anonymous_5)
FN:110,(anonymous_6)
FN:129,(anonymous_7)
FN:138,(anonymous_8)
FN:161,(anonymous_9)
FNF:10
FNH:0
FNDA:0,(anonymous_0)
FNDA:0,(anonymous_1)
FNDA:0,(anonymous_2)
FNDA:0,(anonymous_3)
FNDA:0,(anonymous_4)
FNDA:0,(anonymous_5)
FNDA:0,(anonymous_6)
FNDA:0,(anonymous_7)
FNDA:0,(anonymous_8)
FNDA:0,(anonymous_9)
DA:16,0
DA:20,0
DA:21,0
DA:22,0
DA:23,0
DA:24,0
DA:25,0
DA:32,0
DA:35,0
DA:37,0
DA:46,0
DA:47,0
DA:48,0
DA:51,0
DA:52,0
DA:53,0
DA:54,0
DA:55,0
DA:57,0
DA:66,0
DA:67,0
DA:70,0
DA:71,0
DA:72,0
DA:73,0
DA:75,0
DA:84,0
DA:85,0
DA:88,0
DA:89,0
DA:90,0
DA:91,0
DA:93,0
DA:102,0
DA:103,0
DA:111,0
DA:112,0
DA:115,0
DA:116,0
DA:117,0
DA:118,0
DA:120,0
DA:130,0
DA:131,0
DA:139,0
DA:140,0
DA:143,0
DA:145,0
DA:146,0
DA:147,0
DA:150,0
DA:151,0
DA:162,0
DA:163,0
DA:164,0
DA:167,0
DA:173,0
DA:178,0
DA:179,0
LF:59
LH:0
BRDA:32,0,0,0
BRDA:32,0,1,0
BRDA:45,1,0,0
BRDA:46,2,0,0
BRDA:46,2,1,0
BRDA:47,3,0,0
BRDA:47,3,1,0
BRDA:53,4,0,0
BRDA:53,4,1,0
BRDA:66,5,0,0
BRDA:66,5,1,0
BRDA:84,6,0,0
BRDA:84,6,1,0
BRDA:111,7,0,0
BRDA:111,7,1,0
BRDA:139,8,0,0
BRDA:139,8,1,0
BRDA:161,9,0,0
BRDA:163,10,0,0
BRDA:163,10,1,0
BRF:20
BRH:0
end_of_record
TN:
SF:adapters\resources\ChineseDataLoader.js
FN:24,(anonymous_0)
FN:41,(anonymous_1)
FN:62,(anonymous_2)
FN:74,(anonymous_3)
FN:85,(anonymous_4)
FN:95,(anonymous_5)
FN:106,(anonymous_6)
FN:136,(anonymous_7)
FN:142,(anonymous_8)
FN:157,(anonymous_9)
FN:169,(anonymous_10)
FN:177,(anonymous_11)
FNF:12
FNH:0
FNDA:0,(anonymous_0)
FNDA:0,(anonymous_1)
FNDA:0,(anonymous_2)
FNDA:0,(anonymous_3)
FNDA:0,(anonymous_4)
FNDA:0,(anonymous_5)
FNDA:0,(anonymous_6)
FNDA:0,(anonymous_7)
FNDA:0,(anonymous_8)
FNDA:0,(anonymous_9)
FNDA:0,(anonymous_10)
FNDA:0,(anonymous_11)
DA:13,0
DA:14,0
DA:25,0
DA:26,0
DA:31,0
DA:32,0
DA:33,0
DA:42,0
DA:43,0
DA:46,0
DA:47,0
DA:48,0
DA:49,0
DA:50,0
DA:52,0
DA:53,0
DA:54,0
DA:63,0
DA:64,0
DA:66,0
DA:75,0
DA:76,0
DA:77,0
DA:86,0
DA:87,0
DA:96,0
DA:97,0
DA:107,0
DA:109,0
DA:113,0
DA:115,0
DA:116,0
DA:118,0
DA:119,0
DA:121,0
DA:122,0
DA:124,0
DA:125,0
DA:126,0
DA:130,0
DA:137,0
DA:138,0
DA:141,0
DA:142,0
DA:143,0
DA:144,0
DA:145,0
DA:148,0
DA:150,0
DA:158,0
DA:159,0
DA:160,0
DA:161,0
DA:170,0
DA:178,0
DA:179,0
DA:189,0
LF:57
LH:0
BRDA:24,0,0,0
BRDA:27,1,0,0
BRDA:27,1,1,0
BRDA:41,2,0,0
BRDA:42,3,0,0
BRDA:42,3,1,0
BRDA:42,4,0,0
BRDA:42,4,1,0
BRDA:42,4,2,0
BRDA:63,5,0,0
BRDA:63,5,1,0
BRDA:66,6,0,0
BRDA:66,6,1,0
BRDA:77,7,0,0
BRDA:77,7,1,0
BRDA:87,8,0,0
BRDA:87,8,1,0
BRDA:96,9,0,0
BRDA:96,9,1,0
BRDA:106,10,0,0
BRDA:107,11,0,0
BRDA:107,11,1,0
BRDA:109,12,0,0
BRDA:109,12,1,0
BRDA:111,13,0,0
BRDA:111,13,1,0
BRDA:113,14,0,0
BRDA:113,14,1,0
BRDA:116,15,0,0
BRDA:116,15,1,0
BRDA:118,16,0,0
BRDA:118,16,1,0
BRDA:119,17,0,0
BRDA:119,17,1,0
BRDA:121,18,0,0
BRDA:121,18,1,0
BRDA:122,19,0,0
BRDA:122,19,1,0
BRDA:124,20,0,0
BRDA:124,20,1,0
BRDA:124,21,0,0
BRDA:124,21,1,0
BRDA:125,22,0,0
BRDA:125,22,1,0
BRDA:137,23,0,0
BRDA:137,23,1,0
BRDA:137,24,0,0
BRDA:137,24,1,0
BRDA:143,25,0,0
BRDA:143,25,1,0
BRDA:158,26,0,0
BRDA:158,26,1,0
BRDA:182,27,0,0
BRDA:182,27,1,0
BRF:54
BRH:0
end_of_record
TN:
SF:adapters\resources\SpriteFileManager.js
FN:25,(anonymous_0)
FN:41,(anonymous_1)
FN:62,(anonymous_2)
FN:74,(anonymous_3)
FN:84,(anonymous_4)
FN:93,(anonymous_5)
FN:106,(anonymous_6)
FN:115,(anonymous_7)
FN:128,(anonymous_8)
FNF:9
FNH:0
FNDA:0,(anonymous_0)
FNDA:0,(anonymous_1)
FNDA:0,(anonymous_2)
FNDA:0,(anonymous_3)
FNDA:0,(anonymous_4)
FNDA:0,(anonymous_5)
FNDA:0,(anonymous_6)
FNDA:0,(anonymous_7)
FNDA:0,(anonymous_8)
DA:14,0
DA:15,0
DA:26,0
DA:27,0
DA:32,0
DA:33,0
DA:42,0
DA:43,0
DA:46,0
DA:47,0
DA:48,0
DA:49,0
DA:50,0
DA:52,0
DA:53,0
DA:54,0
DA:63,0
DA:64,0
DA:66,0
DA:75,0
DA:76,0
DA:85,0
DA:94,0
DA:95,0
DA:96,0
DA:98,0
DA:107,0
DA:108,0
DA:116,0
DA:117,0
DA:129,0
DA:130,0
DA:134,0
LF:33
LH:0
BRDA:25,0,0,0
BRDA:29,1,0,0
BRDA:29,1,1,0
BRDA:41,2,0,0
BRDA:42,3,0,0
BRDA:42,3,1,0
BRDA:42,4,0,0
BRDA:42,4,1,0
BRDA:42,4,2,0
BRDA:63,5,0,0
BRDA:63,5,1,0
BRF:11
BRH:0
end_of_record
TN:
SF:controllers\AIBattleController.js
FN:1,createAIBattleController
FN:8,(anonymous_1)
FNF:2
FNH:0
FNDA:0,createAIBattleController
FNDA:0,(anonymous_1)
DA:2,0
DA:3,0
DA:4,0
DA:7,0
DA:9,0
DA:14,0
LF:6
LH:0
BRDA:1,0,0,0
BRDA:3,1,0,0
BRDA:3,1,1,0
BRF:3
BRH:0
end_of_record
TN:
SF:controllers\PvPController.js
FN:1,createPvPController
FN:16,(anonymous_1)
FN:17,(anonymous_2)
FNF:3
FNH:0
FNDA:0,createPvPController
FNDA:0,(anonymous_1)
FNDA:0,(anonymous_2)
DA:7,0
DA:9,0
DA:10,0
DA:13,0
DA:21,0
LF:5
LH:0
BRDA:1,0,0,0
BRDA:9,1,0,0
BRDA:9,1,1,0
BRDA:9,2,0,0
BRDA:9,2,1,0
BRDA:16,3,0,0
BRDA:16,3,1,0
BRDA:17,4,0,0
BRDA:17,4,1,0
BRF:9
BRH:0
end_of_record
TN:
SF:controllers\connectionController.js
FN:6,createConnectionController
FN:19,handleConnection
FN:36,(anonymous_2)
FN:52,(anonymous_3)
FN:59,(anonymous_4)
FN:93,(anonymous_5)
FN:100,(anonymous_6)
FNF:7
FNH:0
FNDA:0,createConnectionController
FNDA:0,handleConnection
FNDA:0,(anonymous_2)
FNDA:0,(anonymous_3)
FNDA:0,(anonymous_4)
FNDA:0,(anonymous_5)
FNDA:0,(anonymous_6)
DA:1,0
DA:2,0
DA:3,0
DA:4,0
DA:13,0
DA:15,0
DA:16,0
DA:19,0
DA:20,0
DA:29,0
DA:30,0
DA:31,0
DA:32,0
DA:33,0
DA:34,0
DA:36,0
DA:37,0
DA:38,0
DA:39,0
DA:40,0
DA:41,0
DA:44,0
DA:45,0
DA:48,0
DA:52,0
DA:53,0
DA:56,0
DA:57,0
DA:59,0
DA:60,0
DA:61,0
DA:63,0
DA:64,0
DA:66,0
DA:68,0
DA:69,0
DA:71,0
DA:72,0
DA:74,0
DA:75,0
DA:76,0
DA:78,0
DA:80,0
DA:83,0
DA:84,0
DA:86,0
DA:89,0
DA:93,0
DA:94,0
DA:95,0
DA:96,0
DA:100,0
DA:101,0
DA:102,0
DA:112,0
DA:114,0
DA:115,0
DA:118,0
DA:119,0
DA:120,0
DA:121,0
DA:122,0
DA:123,0
DA:124,0
DA:127,0
DA:128,0
DA:134,0
DA:135,0
DA:140,0
DA:141,0
DA:142,0
DA:144,0
DA:145,0
DA:146,0
DA:147,0
DA:151,0
DA:152,0
DA:153,0
DA:154,0
DA:155,0
DA:160,0
DA:162,0
DA:163,0
DA:164,0
DA:166,0
DA:171,0
DA:172,0
DA:173,0
DA:174,0
DA:175,0
DA:176,0
DA:177,0
DA:180,0
DA:181,0
DA:185,0
DA:186,0
DA:187,0
DA:189,0
DA:193,0
DA:194,0
DA:198,0
DA:199,0
DA:200,0
DA:201,0
DA:204,0
DA:209,0
LF:106
LH:0
BRDA:6,0,0,0
BRDA:15,1,0,0
BRDA:15,1,1,0
BRDA:15,2,0,0
BRDA:15,2,1,0
BRDA:37,3,0,0
BRDA:37,3,1,0
BRDA:40,4,0,0
BRDA:40,4,1,0
BRDA:40,5,0,0
BRDA:40,5,1,0
BRDA:66,6,0,0
BRDA:66,6,1,0
BRDA:66,6,2,0
BRDA:66,6,3,0
BRDA:66,6,4,0
BRDA:74,7,0,0
BRDA:74,7,1,0
BRDA:75,8,0,0
BRDA:75,8,1,0
BRDA:76,9,0,0
BRDA:76,9,1,0
BRDA:78,10,0,0
BRDA:78,10,1,0
BRDA:95,11,0,0
BRDA:95,11,1,0
BRDA:101,12,0,0
BRDA:101,12,1,0
BRDA:106,13,0,0
BRDA:106,13,1,0
BRDA:107,14,0,0
BRDA:107,14,1,0
BRDA:108,15,0,0
BRDA:108,15,1,0
BRDA:109,16,0,0
BRDA:109,16,1,0
BRDA:114,17,0,0
BRDA:114,17,1,0
BRDA:118,18,0,0
BRDA:118,18,1,0
BRDA:120,19,0,0
BRDA:120,19,1,0
BRDA:122,20,0,0
BRDA:122,20,1,0
BRDA:122,21,0,0
BRDA:122,21,1,0
BRDA:127,22,0,0
BRDA:127,22,1,0
BRDA:134,23,0,0
BRDA:134,23,1,0
BRDA:134,24,0,0
BRDA:134,24,1,0
BRDA:134,24,2,0
BRDA:140,25,0,0
BRDA:140,25,1,0
BRDA:144,26,0,0
BRDA:144,26,1,0
BRDA:146,27,0,0
BRDA:146,27,1,0
BRDA:146,28,0,0
BRDA:146,28,1,0
BRDA:146,28,2,0
BRDA:151,29,0,0
BRDA:151,29,1,0
BRDA:153,30,0,0
BRDA:153,30,1,0
BRDA:153,31,0,0
BRDA:153,31,1,0
BRDA:162,32,0,0
BRDA:162,32,1,0
BRDA:162,33,0,0
BRDA:162,33,1,0
BRDA:171,34,0,0
BRDA:171,34,1,0
BRDA:171,35,0,0
BRDA:171,35,1,0
BRDA:175,36,0,0
BRDA:175,36,1,0
BRDA:175,37,0,0
BRDA:175,37,1,0
BRDA:180,38,0,0
BRDA:180,38,1,0
BRDA:185,39,0,0
BRDA:185,39,1,0
BRDA:185,40,0,0
BRDA:185,40,1,0
BRDA:193,41,0,0
BRDA:193,41,1,0
BRDA:200,42,0,0
BRDA:200,42,1,0
BRF:90
BRH:0
end_of_record
TN:
SF:domain\battles\BattleManager.js
FN:33,(anonymous_0)
FN:52,(anonymous_1)
FN:64,(anonymous_2)
FN:67,(anonymous_3)
FN:75,(anonymous_4)
FN:81,(anonymous_5)
FN:88,(anonymous_6)
FN:89,(anonymous_7)
FN:95,(anonymous_8)
FN:119,(anonymous_9)
FN:130,(anonymous_10)
FN:145,(anonymous_11)
FN:159,(anonymous_12)
FN:165,(anonymous_13)
FN:217,(anonymous_14)
FN:221,(anonymous_15)
FN:232,(anonymous_16)
FN:235,(anonymous_17)
FN:263,(anonymous_18)
FN:277,(anonymous_19)
FN:316,(anonymous_20)
FN:342,(anonymous_21)
FN:382,(anonymous_22)
FN:388,(anonymous_23)
FN:421,(anonymous_24)
FN:422,(anonymous_25)
FN:423,(anonymous_26)
FN:441,(anonymous_27)
FN:470,(anonymous_28)
FN:488,(anonymous_29)
FN:489,(anonymous_30)
FN:511,(anonymous_31)
FN:515,(anonymous_32)
FN:582,(anonymous_33)
FN:618,(anonymous_34)
FN:653,(anonymous_35)
FN:721,(anonymous_36)
FN:761,(anonymous_37)
FN:762,(anonymous_38)
FN:855,(anonymous_39)
FN:869,(anonymous_40)
FN:966,(anonymous_41)
FN:973,(anonymous_42)
FNF:43
FNH:20
FNDA:10,(anonymous_0)
FNDA:8,(anonymous_1)
FNDA:8,(anonymous_2)
FNDA:8,(anonymous_3)
FNDA:0,(anonymous_4)
FNDA:0,(anonymous_5)
FNDA:0,(anonymous_6)
FNDA:0,(anonymous_7)
FNDA:0,(anonymous_8)
FNDA:8,(anonymous_9)
FNDA:0,(anonymous_10)
FNDA:0,(anonymous_11)
FNDA:0,(anonymous_12)
FNDA:0,(anonymous_13)
FNDA:8,(anonymous_14)
FNDA:8,(anonymous_15)
FNDA:8,(anonymous_16)
FNDA:8,(anonymous_17)
FNDA:8,(anonymous_18)
FNDA:8,(anonymous_19)
FNDA:16,(anonymous_20)
FNDA:16,(anonymous_21)
FNDA:0,(anonymous_22)
FNDA:0,(anonymous_23)
FNDA:0,(anonymous_24)
FNDA:0,(anonymous_25)
FNDA:0,(anonymous_26)
FNDA:0,(anonymous_27)
FNDA:0,(anonymous_28)
FNDA:0,(anonymous_29)
FNDA:0,(anonymous_30)
FNDA:8,(anonymous_31)
FNDA:8,(anonymous_32)
FNDA:8,(anonymous_33)
FNDA:0,(anonymous_34)
FNDA:2,(anonymous_35)
FNDA:0,(anonymous_36)
FNDA:0,(anonymous_37)
FNDA:0,(anonymous_38)
FNDA:1,(anonymous_39)
FNDA:0,(anonymous_40)
FNDA:2,(anonymous_41)
FNDA:11,(anonymous_42)
DA:21,1
DA:22,1
DA:34,10
DA:35,10
DA:36,10
DA:37,10
DA:38,10
DA:39,10
DA:42,10
DA:43,10
DA:46,10
DA:53,8
DA:54,8
DA:60,8
DA:63,8
DA:64,8
DA:66,8
DA:67,8
DA:68,8
DA:76,0
DA:77,0
DA:78,0
DA:80,0
DA:81,0
DA:82,0
DA:84,0
DA:87,0
DA:88,0
DA:89,0
DA:90,0
DA:94,0
DA:95,0
DA:96,0
DA:97,0
DA:100,0
DA:120,8
DA:123,8
DA:124,8
DA:125,8
DA:126,8
DA:129,8
DA:130,8
DA:131,0
DA:132,0
DA:133,0
DA:136,0
DA:137,0
DA:138,0
DA:139,0
DA:140,0
DA:141,0
DA:144,8
DA:145,8
DA:146,0
DA:147,0
DA:148,0
DA:149,0
DA:150,0
DA:151,0
DA:152,0
DA:153,0
DA:154,0
DA:158,8
DA:159,8
DA:160,0
DA:161,0
DA:162,0
DA:163,0
DA:164,0
DA:165,0
DA:166,0
DA:167,0
DA:168,0
DA:169,0
DA:171,0
DA:172,0
DA:173,0
DA:174,0
DA:175,0
DA:176,0
DA:178,0
DA:182,0
DA:185,8
DA:193,8
DA:194,8
DA:196,8
DA:198,8
DA:200,7
DA:201,7
DA:202,7
DA:204,1
DA:208,8
DA:209,8
DA:215,8
DA:216,8
DA:217,8
DA:218,8
DA:220,8
DA:221,8
DA:222,8
DA:225,8
DA:226,8
DA:229,8
DA:230,8
DA:231,8
DA:232,8
DA:233,8
DA:235,8
DA:236,8
DA:241,8
DA:245,8
DA:246,8
DA:249,8
DA:250,8
DA:251,8
DA:256,8
DA:264,8
DA:267,8
DA:268,0
DA:269,0
DA:271,8
DA:275,8
DA:277,8
DA:278,8
DA:279,8
DA:280,8
DA:282,8
DA:283,8
DA:284,8
DA:285,8
DA:286,8
DA:287,8
DA:290,8
DA:293,8
DA:294,8
DA:298,8
DA:299,8
DA:300,8
DA:301,8
DA:304,0
DA:305,0
DA:306,0
DA:311,8
DA:312,8
DA:313,8
DA:316,16
DA:319,8
DA:320,8
DA:324,8
DA:325,8
DA:327,8
DA:330,8
DA:331,0
DA:332,0
DA:333,0
DA:337,8
DA:338,8
DA:339,8
DA:342,16
DA:343,8
DA:344,8
DA:345,8
DA:346,8
DA:347,8
DA:348,8
DA:349,8
DA:350,8
DA:353,0
DA:354,0
DA:359,0
DA:360,0
DA:361,0
DA:362,0
DA:363,0
DA:364,0
DA:365,0
DA:366,0
DA:367,0
DA:368,0
DA:369,0
DA:370,0
DA:373,0
DA:374,0
DA:375,0
DA:377,0
DA:382,0
DA:383,0
DA:384,0
DA:385,0
DA:386,0
DA:387,0
DA:388,0
DA:390,0
DA:395,8
DA:396,0
DA:399,8
DA:400,0
DA:404,0
DA:406,0
DA:408,0
DA:409,0
DA:411,0
DA:413,0
DA:414,0
DA:418,0
DA:419,0
DA:421,0
DA:422,0
DA:423,0
DA:424,0
DA:425,0
DA:426,0
DA:428,0
DA:433,0
DA:434,0
DA:441,0
DA:442,0
DA:443,0
DA:445,0
DA:446,0
DA:450,0
DA:451,0
DA:452,0
DA:455,0
DA:456,0
DA:460,0
DA:461,0
DA:462,0
DA:463,0
DA:464,0
DA:468,0
DA:470,0
DA:471,0
DA:472,0
DA:479,0
DA:486,0
DA:487,0
DA:488,0
DA:489,0
DA:490,0
DA:495,0
DA:496,0
DA:497,0
DA:500,8
DA:501,8
DA:502,8
DA:505,8
DA:512,8
DA:515,8
DA:516,8
DA:517,8
DA:518,8
DA:519,8
DA:520,8
DA:521,8
DA:524,8
DA:525,0
DA:526,0
DA:529,0
DA:535,0
DA:536,0
DA:537,0
DA:538,0
DA:539,0
DA:546,8
DA:547,2
DA:548,2
DA:550,2
DA:552,2
DA:553,2
DA:554,0
DA:557,0
DA:558,0
DA:562,0
DA:566,6
DA:567,0
DA:568,0
DA:569,0
DA:571,0
DA:576,0
DA:582,8
DA:583,8
DA:584,8
DA:585,8
DA:586,8
DA:587,8
DA:588,8
DA:589,8
DA:592,8
DA:593,0
DA:594,0
DA:597,0
DA:603,0
DA:604,0
DA:605,0
DA:606,0
DA:607,0
DA:613,8
DA:614,0
DA:616,0
DA:617,0
DA:618,0
DA:619,0
DA:620,0
DA:624,0
DA:625,0
DA:626,0
DA:628,0
DA:631,0
DA:632,0
DA:634,8
DA:636,7
DA:637,1
DA:638,1
DA:642,0
DA:643,0
DA:647,8
DA:654,2
DA:657,2
DA:658,2
DA:660,2
DA:661,0
DA:662,0
DA:663,0
DA:664,0
DA:666,0
DA:667,0
DA:670,0
DA:671,0
DA:672,0
DA:673,0
DA:674,0
DA:675,0
DA:676,0
DA:677,0
DA:678,0
DA:679,0
DA:680,0
DA:681,0
DA:683,0
DA:684,0
DA:690,2
DA:691,2
DA:692,2
DA:695,2
DA:697,2
DA:698,0
DA:699,0
DA:701,2
DA:702,2
DA:703,2
DA:704,2
DA:705,2
DA:706,2
DA:708,2
DA:709,0
DA:713,2
DA:714,0
DA:715,0
DA:719,2
DA:720,0
DA:721,0
DA:722,0
DA:723,0
DA:724,0
DA:725,0
DA:726,0
DA:729,0
DA:733,0
DA:737,2
DA:738,0
DA:739,0
DA:740,0
DA:743,0
DA:744,0
DA:746,0
DA:754,0
DA:757,0
DA:758,0
DA:761,0
DA:762,0
DA:763,0
DA:765,0
DA:766,0
DA:767,0
DA:768,0
DA:770,0
DA:771,0
DA:772,0
DA:774,0
DA:775,0
DA:778,0
DA:779,0
DA:780,0
DA:781,0
DA:782,0
DA:788,0
DA:789,0
DA:792,0
DA:795,0
DA:796,0
DA:797,0
DA:798,0
DA:800,0
DA:802,0
DA:803,0
DA:804,0
DA:805,0
DA:806,0
DA:807,0
DA:811,0
DA:812,0
DA:816,0
DA:817,0
DA:818,0
DA:820,0
DA:823,0
DA:824,0
DA:827,0
DA:833,2
DA:834,2
DA:836,2
DA:837,2
DA:839,2
DA:841,2
DA:842,0
DA:844,0
DA:846,2
DA:856,1
DA:858,1
DA:859,0
DA:860,0
DA:863,1
DA:870,0
DA:871,0
DA:872,0
DA:873,0
DA:886,0
DA:890,0
DA:891,0
DA:893,0
DA:897,0
DA:898,0
DA:901,0
DA:903,0
DA:905,0
DA:906,0
DA:910,0
DA:913,0
DA:914,0
DA:915,0
DA:916,0
DA:917,0
DA:918,0
DA:919,0
DA:921,0
DA:934,0
DA:938,0
DA:939,0
DA:942,0
DA:943,0
DA:945,0
DA:946,0
DA:949,0
DA:951,0
DA:952,0
DA:953,0
DA:959,0
DA:967,2
DA:974,11
DA:977,11
DA:978,9
DA:979,9
DA:980,0
DA:982,9
DA:983,0
DA:985,9
DA:986,0
DA:989,0
DA:994,11
DA:997,11
DA:1000,11
DA:1001,11
DA:1004,11
DA:1005,11
DA:1007,11
DA:1012,1
LF:487
LH:188
BRDA:33,0,0,1
BRDA:52,1,0,0
BRDA:66,2,0,8
BRDA:66,2,1,0
BRDA:67,3,0,8
BRDA:67,3,1,0
BRDA:82,4,0,0
BRDA:82,4,1,0
BRDA:90,5,0,0
BRDA:90,5,1,0
BRDA:96,6,0,0
BRDA:96,6,1,0
BRDA:119,7,0,6
BRDA:119,8,0,8
BRDA:167,9,0,0
BRDA:167,9,1,0
BRDA:172,10,0,0
BRDA:172,10,1,0
BRDA:198,11,0,7
BRDA:198,11,1,1
BRDA:200,12,0,7
BRDA:200,12,1,0
BRDA:218,13,0,8
BRDA:218,13,1,6
BRDA:218,14,0,8
BRDA:218,14,1,6
BRDA:222,15,0,8
BRDA:222,15,1,6
BRDA:222,16,0,8
BRDA:222,16,1,6
BRDA:233,17,0,8
BRDA:233,17,1,6
BRDA:233,18,0,8
BRDA:233,18,1,6
BRDA:236,19,0,8
BRDA:236,19,1,6
BRDA:236,20,0,8
BRDA:236,20,1,6
BRDA:243,21,0,7
BRDA:243,21,1,1
BRDA:267,22,0,0
BRDA:267,22,1,8
BRDA:298,23,0,8
BRDA:298,23,1,0
BRDA:304,24,0,0
BRDA:304,24,1,0
BRDA:319,25,0,8
BRDA:319,25,1,0
BRDA:319,26,0,8
BRDA:319,26,1,0
BRDA:319,26,2,0
BRDA:324,27,0,8
BRDA:324,27,1,0
BRDA:330,28,0,0
BRDA:330,28,1,8
BRDA:343,29,0,8
BRDA:343,29,1,0
BRDA:348,30,0,8
BRDA:348,30,1,0
BRDA:359,31,0,0
BRDA:359,31,1,0
BRDA:374,32,0,0
BRDA:374,32,1,0
BRDA:384,33,0,0
BRDA:384,33,1,0
BRDA:386,34,0,0
BRDA:386,34,1,0
BRDA:395,35,0,0
BRDA:395,35,1,8
BRDA:399,36,0,0
BRDA:399,36,1,0
BRDA:406,37,0,0
BRDA:406,37,1,0
BRDA:408,38,0,0
BRDA:408,38,1,0
BRDA:413,39,0,0
BRDA:413,39,1,0
BRDA:413,40,0,0
BRDA:413,40,1,0
BRDA:413,40,2,0
BRDA:418,41,0,0
BRDA:418,41,1,0
BRDA:418,42,0,0
BRDA:418,42,1,0
BRDA:424,43,0,0
BRDA:424,43,1,0
BRDA:424,44,0,0
BRDA:424,44,1,0
BRDA:442,45,0,0
BRDA:442,45,1,0
BRDA:442,46,0,0
BRDA:442,46,1,0
BRDA:445,47,0,0
BRDA:445,47,1,0
BRDA:445,48,0,0
BRDA:445,48,1,0
BRDA:455,49,0,0
BRDA:455,49,1,0
BRDA:461,50,0,0
BRDA:461,50,1,0
BRDA:463,51,0,0
BRDA:463,51,1,0
BRDA:468,52,0,0
BRDA:468,52,1,0
BRDA:468,53,0,0
BRDA:468,53,1,0
BRDA:468,53,2,0
BRDA:486,54,0,0
BRDA:486,54,1,0
BRDA:524,55,0,0
BRDA:524,55,1,8
BRDA:537,56,0,0
BRDA:537,56,1,0
BRDA:546,57,0,2
BRDA:546,57,1,6
BRDA:550,58,0,2
BRDA:550,58,1,0
BRDA:553,59,0,0
BRDA:553,59,1,2
BRDA:557,60,0,0
BRDA:557,60,1,0
BRDA:566,61,0,0
BRDA:566,61,1,6
BRDA:568,62,0,0
BRDA:568,62,1,0
BRDA:584,63,0,7
BRDA:584,63,1,1
BRDA:592,64,0,0
BRDA:592,64,1,8
BRDA:605,65,0,0
BRDA:605,65,1,0
BRDA:613,66,0,0
BRDA:613,66,1,8
BRDA:613,67,0,8
BRDA:613,67,1,1
BRDA:616,68,0,0
BRDA:616,68,1,0
BRDA:619,69,0,0
BRDA:619,69,1,0
BRDA:624,70,0,0
BRDA:624,70,1,0
BRDA:634,71,0,7
BRDA:634,71,1,1
BRDA:637,72,0,1
BRDA:637,72,1,0
BRDA:637,73,0,1
BRDA:637,73,1,1
BRDA:660,74,0,0
BRDA:660,74,1,2
BRDA:662,75,0,0
BRDA:662,75,1,0
BRDA:662,76,0,0
BRDA:662,76,1,0
BRDA:662,76,2,0
BRDA:664,77,0,0
BRDA:664,77,1,0
BRDA:666,78,0,0
BRDA:666,78,1,0
BRDA:670,79,0,0
BRDA:670,79,1,0
BRDA:670,80,0,0
BRDA:670,80,1,0
BRDA:672,81,0,0
BRDA:672,81,1,0
BRDA:673,82,0,0
BRDA:673,82,1,0
BRDA:697,83,0,0
BRDA:697,83,1,2
BRDA:703,84,0,2
BRDA:703,84,1,2
BRDA:705,85,0,2
BRDA:705,85,1,0
BRDA:708,86,0,0
BRDA:708,86,1,2
BRDA:713,87,0,0
BRDA:713,87,1,2
BRDA:713,88,0,2
BRDA:713,88,1,2
BRDA:719,89,0,0
BRDA:719,89,1,2
BRDA:719,90,0,2
BRDA:719,90,1,2
BRDA:719,90,2,0
BRDA:722,91,0,0
BRDA:722,91,1,0
BRDA:725,92,0,0
BRDA:725,92,1,0
BRDA:737,93,0,0
BRDA:737,93,1,2
BRDA:743,94,0,0
BRDA:743,94,1,0
BRDA:750,95,0,0
BRDA:750,95,1,0
BRDA:757,96,0,0
BRDA:757,96,1,0
BRDA:757,97,0,0
BRDA:757,97,1,0
BRDA:779,98,0,0
BRDA:779,98,1,0
BRDA:802,99,0,0
BRDA:802,99,1,0
BRDA:816,100,0,0
BRDA:816,100,1,0
BRDA:833,101,0,2
BRDA:833,101,1,0
BRDA:833,102,0,2
BRDA:833,102,1,2
BRDA:836,103,0,2
BRDA:836,103,1,0
BRDA:858,104,0,0
BRDA:858,104,1,1
BRDA:871,105,0,0
BRDA:871,105,1,0
BRDA:886,106,0,0
BRDA:886,106,1,0
BRDA:893,107,0,0
BRDA:893,107,1,0
BRDA:893,108,0,0
BRDA:893,108,1,0
BRDA:893,108,2,0
BRDA:903,109,0,0
BRDA:903,109,1,0
BRDA:916,110,0,0
BRDA:916,110,1,0
BRDA:916,111,0,0
BRDA:916,111,1,0
BRDA:917,112,0,0
BRDA:917,112,1,0
BRDA:942,113,0,0
BRDA:942,113,1,0
BRDA:945,114,0,0
BRDA:945,114,1,0
BRDA:977,115,0,9
BRDA:977,115,1,2
BRDA:979,116,0,0
BRDA:979,116,1,9
BRDA:979,117,0,9
BRDA:979,117,1,9
BRDA:982,118,0,0
BRDA:982,118,1,9
BRDA:982,119,0,9
BRDA:982,119,1,9
BRDA:985,120,0,0
BRDA:985,120,1,9
BRDA:985,121,0,9
BRDA:985,121,1,9
BRF:246
BRH:81
end_of_record
TN:
SF:domain\battles\SimplePvPManager.js
FN:5,(anonymous_0)
FN:20,(anonymous_1)
FN:36,(anonymous_2)
FN:37,(anonymous_3)
FN:49,(anonymous_4)
FN:61,(anonymous_5)
FN:74,(anonymous_6)
FN:75,(anonymous_7)
FN:82,(anonymous_8)
FN:89,(anonymous_9)
FN:108,(anonymous_10)
FN:123,(anonymous_11)
FN:137,(anonymous_12)
FN:141,(anonymous_13)
FN:149,(anonymous_14)
FN:158,(anonymous_15)
FN:162,(anonymous_16)
FN:166,(anonymous_17)
FN:167,(anonymous_18)
FNF:19
FNH:0
FNDA:0,(anonymous_0)
FNDA:0,(anonymous_1)
FNDA:0,(anonymous_2)
FNDA:0,(anonymous_3)
FNDA:0,(anonymous_4)
FNDA:0,(anonymous_5)
FNDA:0,(anonymous_6)
FNDA:0,(anonymous_7)
FNDA:0,(anonymous_8)
FNDA:0,(anonymous_9)
FNDA:0,(anonymous_10)
FNDA:0,(anonymous_11)
FNDA:0,(anonymous_12)
FNDA:0,(anonymous_13)
FNDA:0,(anonymous_14)
FNDA:0,(anonymous_15)
FNDA:0,(anonymous_16)
FNDA:0,(anonymous_17)
FNDA:0,(anonymous_18)
DA:2,0
DA:6,0
DA:7,0
DA:8,0
DA:9,0
DA:10,0
DA:11,0
DA:12,0
DA:13,0
DA:21,0
DA:22,0
DA:24,0
DA:25,0
DA:26,0
DA:28,0
DA:29,0
DA:30,0
DA:31,0
DA:32,0
DA:33,0
DA:37,0
DA:38,0
DA:39,0
DA:40,0
DA:41,0
DA:42,0
DA:45,0
DA:49,0
DA:50,0
DA:51,0
DA:52,0
DA:53,0
DA:54,0
DA:57,0
DA:61,0
DA:62,0
DA:63,0
DA:64,0
DA:65,0
DA:66,0
DA:69,0
DA:75,0
DA:76,0
DA:77,0
DA:83,0
DA:84,0
DA:85,0
DA:90,0
DA:91,0
DA:92,0
DA:93,0
DA:95,0
DA:99,0
DA:101,0
DA:102,0
DA:103,0
DA:105,0
DA:108,0
DA:109,0
DA:110,0
DA:111,0
DA:112,0
DA:115,0
DA:116,0
DA:117,0
DA:124,0
DA:125,0
DA:127,0
DA:128,0
DA:129,0
DA:130,0
DA:132,0
DA:133,0
DA:138,0
DA:139,0
DA:141,0
DA:142,0
DA:143,0
DA:145,0
DA:148,0
DA:149,0
DA:150,0
DA:151,0
DA:153,0
DA:159,0
DA:163,0
DA:167,0
DA:168,0
DA:169,0
DA:170,0
DA:176,0
DA:177,0
DA:178,0
DA:179,0
DA:183,0
LF:95
LH:0
BRDA:5,0,0,0
BRDA:5,1,0,0
BRDA:30,2,0,0
BRDA:30,2,1,0
BRDA:76,3,0,0
BRDA:76,3,1,0
BRDA:76,4,0,0
BRDA:76,4,1,0
BRDA:84,5,0,0
BRDA:84,5,1,0
BRDA:84,6,0,0
BRDA:84,6,1,0
BRDA:91,7,0,0
BRDA:91,7,1,0
BRDA:91,8,0,0
BRDA:91,8,1,0
BRDA:101,9,0,0
BRDA:101,9,1,0
BRDA:111,10,0,0
BRDA:111,10,1,0
BRDA:116,11,0,0
BRDA:116,11,1,0
BRDA:116,12,0,0
BRDA:116,12,1,0
BRDA:124,13,0,0
BRDA:124,13,1,0
BRDA:128,14,0,0
BRDA:128,14,1,0
BRDA:138,15,0,0
BRDA:138,15,1,0
BRDA:138,16,0,0
BRDA:138,16,1,0
BRDA:148,17,0,0
BRDA:148,17,1,0
BRDA:163,18,0,0
BRDA:163,18,1,0
BRDA:168,19,0,0
BRDA:168,19,1,0
BRDA:168,20,0,0
BRDA:168,20,1,0
BRF:40
BRH:0
end_of_record
TN:
SF:domain\choices\AIChoiceHandler.js
FN:28,(anonymous_0)
FN:38,(anonymous_1)
FN:64,(anonymous_2)
FN:86,(anonymous_3)
FNF:4
FNH:0
FNDA:0,(anonymous_0)
FNDA:0,(anonymous_1)
FNDA:0,(anonymous_2)
FNDA:0,(anonymous_3)
DA:18,0
DA:29,0
DA:30,0
DA:31,0
DA:32,0
DA:39,0
DA:41,0
DA:45,0
DA:48,0
DA:51,0
DA:54,0
DA:56,0
DA:57,0
DA:65,0
DA:66,0
DA:69,0
DA:70,0
DA:72,0
DA:74,0
DA:75,0
DA:77,0
DA:80,0
DA:87,0
DA:88,0
DA:89,0
DA:92,0
DA:96,0
LF:27
LH:0
BRDA:28,0,0,0
BRDA:41,1,0,0
BRDA:41,1,1,0
BRDA:41,1,2,0
BRDA:41,1,3,0
BRDA:41,1,4,0
BRDA:41,1,5,0
BRDA:74,2,0,0
BRDA:74,2,1,0
BRDA:87,3,0,0
BRDA:87,3,1,0
BRF:11
BRH:0
end_of_record
TN:
SF:domain\choices\PlayerChoiceHandler.js
FN:25,(anonymous_0)
FN:36,(anonymous_1)
FN:44,(anonymous_2)
FN:59,(anonymous_3)
FN:71,(anonymous_4)
FN:107,(anonymous_5)
FN:122,(anonymous_6)
FN:130,(anonymous_7)
FN:140,(anonymous_8)
FNF:9
FNH:0
FNDA:0,(anonymous_0)
FNDA:0,(anonymous_1)
FNDA:0,(anonymous_2)
FNDA:0,(anonymous_3)
FNDA:0,(anonymous_4)
FNDA:0,(anonymous_5)
FNDA:0,(anonymous_6)
FNDA:0,(anonymous_7)
FNDA:0,(anonymous_8)
DA:26,0
DA:27,0
DA:28,0
DA:29,0
DA:30,0
DA:37,0
DA:38,0
DA:45,0
DA:46,0
DA:48,0
DA:54,0
DA:57,0
DA:59,0
DA:60,0
DA:61,0
DA:62,0
DA:72,0
DA:73,0
DA:75,0
DA:76,0
DA:77,0
DA:78,0
DA:79,0
DA:80,0
DA:81,0
DA:85,0
DA:86,0
DA:87,0
DA:91,0
DA:94,0
DA:96,0
DA:97,0
DA:98,0
DA:101,0
DA:109,0
DA:111,0
DA:112,0
DA:114,0
DA:116,0
DA:123,0
DA:124,0
DA:131,0
DA:132,0
DA:133,0
DA:146,0
LF:45
LH:0
BRDA:57,0,0,0
BRDA:57,0,1,0
BRDA:60,1,0,0
BRDA:60,1,1,0
BRDA:60,2,0,0
BRDA:60,2,1,0
BRDA:73,3,0,0
BRDA:73,3,1,0
BRDA:75,4,0,0
BRDA:75,4,1,0
BRDA:85,5,0,0
BRDA:85,5,1,0
BRDA:96,6,0,0
BRDA:96,6,1,0
BRDA:109,7,0,0
BRDA:109,7,1,0
BRDA:111,8,0,0
BRDA:111,8,1,0
BRDA:112,9,0,0
BRDA:112,9,1,0
BRDA:131,10,0,0
BRDA:131,10,1,0
BRF:22
BRH:0
end_of_record
TN:
SF:domain\choices\ProtocolRouter.js
FN:25,(anonymous_0)
FN:33,(anonymous_1)
FN:41,(anonymous_2)
FN:99,(anonymous_3)
FN:130,(anonymous_4)
FN:148,(anonymous_5)
FN:154,(anonymous_6)
FN:209,(anonymous_7)
FN:211,(anonymous_8)
FN:221,(anonymous_9)
FN:248,(anonymous_10)
FNF:11
FNH:0
FNDA:0,(anonymous_0)
FNDA:0,(anonymous_1)
FNDA:0,(anonymous_2)
FNDA:0,(anonymous_3)
FNDA:0,(anonymous_4)
FNDA:0,(anonymous_5)
FNDA:0,(anonymous_6)
FNDA:0,(anonymous_7)
FNDA:0,(anonymous_8)
FNDA:0,(anonymous_9)
FNDA:0,(anonymous_10)
DA:26,0
DA:27,0
DA:34,0
DA:35,0
DA:36,0
DA:39,0
DA:41,0
DA:43,0
DA:45,0
DA:47,0
DA:48,0
DA:50,0
DA:51,0
DA:55,0
DA:56,0
DA:57,0
DA:58,0
DA:61,0
DA:64,0
DA:65,0
DA:66,0
DA:70,0
DA:71,0
DA:72,0
DA:73,0
DA:74,0
DA:75,0
DA:77,0
DA:78,0
DA:79,0
DA:80,0
DA:85,0
DA:89,0
DA:93,0
DA:100,0
DA:101,0
DA:103,0
DA:104,0
DA:105,0
DA:107,0
DA:110,0
DA:111,0
DA:112,0
DA:115,0
DA:116,0
DA:117,0
DA:120,0
DA:123,0
DA:124,0
DA:125,0
DA:126,0
DA:127,0
DA:128,0
DA:129,0
DA:130,0
DA:131,0
DA:134,0
DA:137,0
DA:138,0
DA:139,0
DA:140,0
DA:141,0
DA:142,0
DA:143,0
DA:144,0
DA:147,0
DA:148,0
DA:149,0
DA:152,0
DA:153,0
DA:154,0
DA:155,0
DA:159,0
DA:163,0
DA:164,0
DA:165,0
DA:166,0
DA:167,0
DA:168,0
DA:172,0
DA:173,0
DA:174,0
DA:176,0
DA:177,0
DA:179,0
DA:180,0
DA:182,0
DA:183,0
DA:185,0
DA:186,0
DA:188,0
DA:189,0
DA:191,0
DA:192,0
DA:196,0
DA:197,0
DA:200,0
DA:201,0
DA:202,0
DA:211,0
DA:212,0
DA:213,0
DA:222,0
DA:223,0
DA:224,0
DA:234,0
DA:235,0
DA:236,0
DA:237,0
DA:238,0
DA:239,0
DA:240,0
DA:241,0
DA:244,0
DA:245,0
DA:248,0
DA:249,0
DA:250,0
DA:251,0
DA:252,0
DA:253,0
DA:254,0
DA:255,0
DA:261,0
LF:124
LH:0
BRDA:39,0,0,0
BRDA:39,0,1,0
BRDA:43,1,0,0
BRDA:43,1,1,0
BRDA:45,2,0,0
BRDA:45,2,1,0
BRDA:45,3,0,0
BRDA:45,3,1,0
BRDA:50,4,0,0
BRDA:50,4,1,0
BRDA:57,5,0,0
BRDA:57,5,1,0
BRDA:61,6,0,0
BRDA:61,6,1,0
BRDA:64,7,0,0
BRDA:64,7,1,0
BRDA:64,7,2,0
BRDA:65,8,0,0
BRDA:65,8,1,0
BRDA:70,9,0,0
BRDA:70,9,1,0
BRDA:73,10,0,0
BRDA:73,10,1,0
BRDA:73,11,0,0
BRDA:73,11,1,0
BRDA:74,12,0,0
BRDA:74,12,1,0
BRDA:78,13,0,0
BRDA:78,13,1,0
BRDA:78,14,0,0
BRDA:78,14,1,0
BRDA:89,15,0,0
BRDA:89,15,1,0
BRDA:115,16,0,0
BRDA:115,16,1,0
BRDA:123,17,0,0
BRDA:123,17,1,0
BRDA:126,18,0,0
BRDA:126,18,1,0
BRDA:127,19,0,0
BRDA:127,19,1,0
BRDA:128,20,0,0
BRDA:128,20,1,0
BRDA:128,21,0,0
BRDA:128,21,1,0
BRDA:131,22,0,0
BRDA:131,22,1,0
BRDA:131,22,2,0
BRDA:149,23,0,0
BRDA:149,23,1,0
BRDA:149,23,2,0
BRDA:149,23,3,0
BRDA:149,23,4,0
BRDA:149,23,5,0
BRDA:152,24,0,0
BRDA:152,24,1,0
BRDA:163,25,0,0
BRDA:163,25,1,0
BRDA:164,26,0,0
BRDA:164,26,1,0
BRDA:167,27,0,0
BRDA:167,27,1,0
BRDA:172,28,0,0
BRDA:172,28,1,0
BRDA:172,29,0,0
BRDA:172,29,1,0
BRDA:172,29,2,0
BRDA:177,30,0,0
BRDA:177,30,1,0
BRDA:179,31,0,0
BRDA:179,31,1,0
BRDA:182,32,0,0
BRDA:182,32,1,0
BRDA:189,33,0,0
BRDA:189,33,1,0
BRDA:191,34,0,0
BRDA:191,34,1,0
BRDA:192,35,0,0
BRDA:192,35,1,0
BRDA:212,36,0,0
BRDA:212,36,1,0
BRDA:249,37,0,0
BRDA:249,37,1,0
BRF:83
BRH:0
end_of_record
TN:
SF:domain\rooms\Room.js
FN:13,(anonymous_0)
FN:24,(anonymous_1)
FN:34,(anonymous_2)
FN:40,(anonymous_3)
FN:44,(anonymous_4)
FN:50,(anonymous_5)
FN:67,(anonymous_6)
FN:70,(anonymous_7)
FN:82,(anonymous_8)
FNF:9
FNH:9
FNDA:28,(anonymous_0)
FNDA:24,(anonymous_1)
FNDA:2,(anonymous_2)
FNDA:6,(anonymous_3)
FNDA:3,(anonymous_4)
FNDA:1,(anonymous_5)
FNDA:6,(anonymous_6)
FNDA:12,(anonymous_7)
FNDA:5,(anonymous_8)
DA:1,2
DA:14,28
DA:15,28
DA:16,28
DA:17,28
DA:18,28
DA:19,28
DA:20,28
DA:21,28
DA:25,24
DA:26,1
DA:28,23
DA:29,23
DA:30,23
DA:31,23
DA:35,2
DA:36,1
DA:41,6
DA:45,3
DA:51,1
DA:68,6
DA:69,6
DA:70,6
DA:71,12
DA:72,12
DA:73,3
DA:74,3
DA:76,0
DA:83,5
DA:84,5
DA:86,5
DA:87,0
DA:92,2
LF:33
LH:31
BRDA:25,0,0,1
BRDA:25,0,1,23
BRDA:35,1,0,1
BRDA:35,1,1,1
BRDA:45,2,0,3
BRDA:45,2,1,3
BRDA:45,2,2,2
BRDA:45,2,3,1
BRDA:45,2,4,1
BRDA:45,2,5,0
BRDA:72,3,0,3
BRDA:72,3,1,9
BRDA:72,4,0,12
BRDA:72,4,1,4
BRDA:83,5,0,5
BRDA:83,5,1,0
BRDA:86,6,0,0
BRDA:86,6,1,5
BRF:18
BRH:15
end_of_record
TN:
SF:domain\rooms\RoomManager.js
FN:6,(anonymous_0)
FN:8,(anonymous_1)
FN:13,(anonymous_2)
FN:22,(anonymous_3)
FN:25,(anonymous_4)
FN:33,(anonymous_5)
FN:66,(anonymous_6)
FN:80,(anonymous_7)
FN:84,(anonymous_8)
FN:97,(anonymous_9)
FN:106,(anonymous_10)
FNF:11
FNH:10
FNDA:23,(anonymous_0)
FNDA:0,(anonymous_1)
FNDA:14,(anonymous_2)
FNDA:14,(anonymous_3)
FNDA:1,(anonymous_4)
FNDA:8,(anonymous_5)
FNDA:2,(anonymous_6)
FNDA:8,(anonymous_7)
FNDA:5,(anonymous_8)
FNDA:2,(anonymous_9)
FNDA:5,(anonymous_10)
DA:1,1
DA:2,1
DA:3,1
DA:7,23
DA:8,23
DA:9,0
DA:14,14
DA:15,14
DA:16,14
DA:17,84
DA:19,14
DA:23,14
DA:24,14
DA:25,14
DA:26,1
DA:28,14
DA:29,14
DA:30,14
DA:34,8
DA:35,8
DA:36,1
DA:37,1
DA:39,7
DA:40,1
DA:41,1
DA:44,6
DA:45,0
DA:46,0
DA:48,6
DA:49,6
DA:50,4
DA:51,2
DA:52,2
DA:55,0
DA:56,0
DA:58,6
DA:59,6
DA:60,6
DA:61,6
DA:63,0
DA:67,2
DA:69,1
DA:70,0
DA:73,1
DA:74,1
DA:77,1
DA:81,8
DA:85,5
DA:86,5
DA:87,4
DA:91,4
DA:92,4
DA:93,4
DA:98,2
DA:99,2
DA:100,2
DA:101,1
DA:107,5
DA:108,2
DA:110,3
DA:111,4
DA:112,1
DA:114,3
DA:115,1
DA:118,1
DA:122,1
LF:66
LH:59
BRDA:35,0,0,1
BRDA:35,0,1,7
BRDA:39,1,0,1
BRDA:39,1,1,6
BRDA:44,2,0,0
BRDA:44,2,1,6
BRDA:44,3,0,6
BRDA:44,3,1,2
BRDA:49,4,0,4
BRDA:49,4,1,2
BRDA:51,5,0,2
BRDA:51,5,1,0
BRDA:58,6,0,6
BRDA:58,6,1,0
BRDA:59,7,0,6
BRDA:59,7,1,0
BRDA:69,8,0,0
BRDA:69,8,1,1
BRDA:69,9,0,1
BRDA:69,9,1,1
BRDA:73,10,0,1
BRDA:73,10,1,0
BRDA:86,11,0,4
BRDA:86,11,1,1
BRDA:100,12,0,1
BRDA:100,12,1,1
BRDA:100,13,0,2
BRDA:100,13,1,2
BRDA:107,14,0,2
BRDA:107,14,1,3
BRDA:107,15,0,5
BRDA:107,15,1,5
BRDA:107,15,2,4
BRDA:111,16,0,1
BRDA:111,16,1,3
BRDA:111,17,0,4
BRDA:111,17,1,1
BRDA:114,18,0,1
BRDA:114,18,1,2
BRDA:114,19,0,3
BRDA:114,19,1,3
BRF:41
BRH:35
end_of_record
